[debug] [2026-05-29T15:59:44.910Z] ----------------------------------------------------------------------
[debug] [2026-05-29T15:59:44.913Z] Command:       C:\Program Files\nodejs\node.exe C:\Users\sierr\AppData\Roaming\npm\node_modules\firebase-tools\lib\bin\firebase.js deploy --project sierra-blu --only functions firestore:rules
[debug] [2026-05-29T15:59:44.913Z] CLI Version:   15.17.0
[debug] [2026-05-29T15:59:44.913Z] Platform:      win32
[debug] [2026-05-29T15:59:44.913Z] Node Version:  v25.9.0
[debug] [2026-05-29T15:59:44.914Z] Time:          Fri May 29 2026 18:59:44 GMT+0300 (Eastern European Summer Time)
[debug] [2026-05-29T15:59:44.914Z] ----------------------------------------------------------------------
[debug] 
[debug] [2026-05-29T15:59:46.622Z] Field "/functions" in "firebase.json" is possibly invalid: must be object
[debug] [2026-05-29T15:59:46.622Z] Field "/functions" in "firebase.json" is possibly invalid: must be object
[debug] [2026-05-29T15:59:46.623Z] Object "/functions/0" in "firebase.json" has unknown property: {"additionalProperty":"timeoutSeconds"}
[debug] [2026-05-29T15:59:46.623Z] Object "/functions/0" in "firebase.json" is missing required property: {"missingProperty":"remoteSource"}
[debug] [2026-05-29T15:59:46.623Z] Field "/functions/0" in "firebase.json" is possibly invalid: must match a schema in anyOf
[debug] [2026-05-29T15:59:46.623Z] Field "/functions" in "firebase.json" is possibly invalid: must match a schema in anyOf
[debug] [2026-05-29T15:59:46.626Z] > command requires scopes: ["email","openid","https://www.googleapis.com/auth/cloudplatformprojects.readonly","https://www.googleapis.com/auth/firebase","https://www.googleapis.com/auth/cloud-platform"]
[debug] [2026-05-29T15:59:46.627Z] > authorizing via signed-in user (a.fawzy8866@gmail.com)
[debug] [2026-05-29T15:59:46.627Z] [iam] checking project sierra-blu for permissions ["cloudfunctions.functions.create","cloudfunctions.functions.delete","cloudfunctions.functions.get","cloudfunctions.functions.list","cloudfunctions.functions.update","cloudfunctions.operations.get","datastore.indexes.create","datastore.indexes.delete","datastore.indexes.list","datastore.indexes.update","firebase.projects.get"]
[debug] [2026-05-29T15:59:46.628Z] Checked if tokens are valid: true, expires at: 1780073972496
[debug] [2026-05-29T15:59:46.628Z] Checked if tokens are valid: true, expires at: 1780073972496
[debug] [2026-05-29T15:59:46.629Z] >>> [apiv2][query] POST https://cloudresourcemanager.googleapis.com/v1/projects/sierra-blu:testIamPermissions [none]
[debug] [2026-05-29T15:59:46.629Z] >>> [apiv2][(partial)header] POST https://cloudresourcemanager.googleapis.com/v1/projects/sierra-blu:testIamPermissions  x-goog-user-project=sierra-blu
[debug] [2026-05-29T15:59:46.629Z] >>> [apiv2][body] POST https://cloudresourcemanager.googleapis.com/v1/projects/sierra-blu:testIamPermissions {"permissions":["cloudfunctions.functions.create","cloudfunctions.functions.delete","cloudfunctions.functions.get","cloudfunctions.functions.list","cloudfunctions.functions.update","cloudfunctions.operations.get","datastore.indexes.create","datastore.indexes.delete","datastore.indexes.list","datastore.indexes.update","firebase.projects.get"]}
[debug] [2026-05-29T15:59:48.507Z] <<< [apiv2][status] POST https://cloudresourcemanager.googleapis.com/v1/projects/sierra-blu:testIamPermissions 200
[debug] [2026-05-29T15:59:48.507Z] <<< [apiv2][body] POST https://cloudresourcemanager.googleapis.com/v1/projects/sierra-blu:testIamPermissions {"permissions":["cloudfunctions.functions.create","cloudfunctions.functions.delete","cloudfunctions.functions.get","cloudfunctions.functions.list","cloudfunctions.functions.update","cloudfunctions.operations.get","datastore.indexes.create","datastore.indexes.delete","datastore.indexes.list","datastore.indexes.update","firebase.projects.get"]}
[debug] [2026-05-29T15:59:48.508Z] Checked if tokens are valid: true, expires at: 1780073972496
[debug] [2026-05-29T15:59:48.508Z] Checked if tokens are valid: true, expires at: 1780073972496
[debug] [2026-05-29T15:59:48.508Z] >>> [apiv2][query] POST https://iam.googleapis.com/v1/projects/sierra-blu/serviceAccounts/sierra-blu@appspot.gserviceaccount.com:testIamPermissions [none]
[debug] [2026-05-29T15:59:48.508Z] >>> [apiv2][body] POST https://iam.googleapis.com/v1/projects/sierra-blu/serviceAccounts/sierra-blu@appspot.gserviceaccount.com:testIamPermissions {"permissions":["iam.serviceAccounts.actAs"]}
[debug] [2026-05-29T15:59:49.420Z] <<< [apiv2][status] POST https://iam.googleapis.com/v1/projects/sierra-blu/serviceAccounts/sierra-blu@appspot.gserviceaccount.com:testIamPermissions 200
[debug] [2026-05-29T15:59:49.420Z] <<< [apiv2][body] POST https://iam.googleapis.com/v1/projects/sierra-blu/serviceAccounts/sierra-blu@appspot.gserviceaccount.com:testIamPermissions {"permissions":["iam.serviceAccounts.actAs"]}
[info] 
[info] === Deploying to 'sierra-blu'...
[info] 
[info] i  deploying firestore, functions 
[info] i  firestore: ensuring required API firestore.googleapis.com is enabled... 
[info] i  firestore: ensuring required API firestore.googleapis.com is enabled... 
[debug] [2026-05-29T15:59:49.426Z] Checked if tokens are valid: true, expires at: 1780073972496
[debug] [2026-05-29T15:59:49.426Z] Checked if tokens are valid: true, expires at: 1780073972496
[debug] [2026-05-29T15:59:49.426Z] >>> [apiv2][query] GET https://firestore.googleapis.com/v1/projects/sierra-blu/databases/(default) [none]
[debug] [2026-05-29T15:59:50.496Z] <<< [apiv2][status] GET https://firestore.googleapis.com/v1/projects/sierra-blu/databases/(default) 200
[debug] [2026-05-29T15:59:50.496Z] <<< [apiv2][body] GET https://firestore.googleapis.com/v1/projects/sierra-blu/databases/(default) {"name":"projects/sierra-blu/databases/(default)","uid":"21d2d880-bee6-47c5-af93-8ba9df3296e0","createTime":"2026-04-02T11:59:08.202563Z","updateTime":"2026-04-02T11:59:08.202563Z","locationId":"nam5","type":"FIRESTORE_NATIVE","concurrencyMode":"PESSIMISTIC","versionRetentionPeriod":"3600s","earliestVersionTime":"2026-05-29T14:59:51.079502Z","appEngineIntegrationMode":"DISABLED","keyPrefix":"s","pointInTimeRecoveryEnablement":"POINT_IN_TIME_RECOVERY_DISABLED","deleteProtectionState":"DELETE_PROTECTION_DISABLED","databaseEdition":"STANDARD","freeTier":false,"realtimeUpdatesMode":"REALTIME_UPDATES_MODE_ENABLED","etag":"IOa/1/ru3pQDML2W0Zrk0ZMD"}
[info] i  firestore: reading indexes from firestore.indexes.json... 
[info] i  cloud.firestore: checking firestore.rules for compilation errors... 
[debug] [2026-05-29T15:59:50.497Z] Checked if tokens are valid: true, expires at: 1780073972496
[debug] [2026-05-29T15:59:50.498Z] Checked if tokens are valid: true, expires at: 1780073972496
[debug] [2026-05-29T15:59:50.498Z] >>> [apiv2][query] POST https://firebaserules.googleapis.com/v1/projects/sierra-blu:test [none]
[debug] [2026-05-29T15:59:50.498Z] >>> [apiv2][body] POST https://firebaserules.googleapis.com/v1/projects/sierra-blu:test [omitted]
[debug] [2026-05-29T15:59:51.455Z] <<< [apiv2][status] POST https://firebaserules.googleapis.com/v1/projects/sierra-blu:test 200
[debug] [2026-05-29T15:59:51.455Z] <<< [apiv2][body] POST https://firebaserules.googleapis.com/v1/projects/sierra-blu:test {}
[info] +  cloud.firestore: rules file firestore.rules compiled successfully 
[debug] [2026-05-29T15:59:51.457Z] Checked if tokens are valid: true, expires at: 1780073972496
[debug] [2026-05-29T15:59:51.457Z] Checked if tokens are valid: true, expires at: 1780073972496
[debug] [2026-05-29T15:59:51.457Z] >>> [apiv2][query] GET https://cloudresourcemanager.googleapis.com/v1/projects/sierra-blu [none]
[debug] [2026-05-29T15:59:51.673Z] <<< [apiv2][status] GET https://cloudresourcemanager.googleapis.com/v1/projects/sierra-blu 200
[debug] [2026-05-29T15:59:51.673Z] <<< [apiv2][body] GET https://cloudresourcemanager.googleapis.com/v1/projects/sierra-blu {"projectNumber":"941030513456","projectId":"sierra-blu","lifecycleState":"ACTIVE","name":"Sierra-Blu","labels":{"firebase":"enabled","firebase-core":"disabled"},"createTime":"2026-03-31T00:20:25.090Z","parent":{"type":"organization","id":"453272834776"}}
[info] i  functions: preparing codebase default for deployment 
[info] i  functions: ensuring required API cloudfunctions.googleapis.com is enabled... 
[info] i  functions: ensuring required API cloudbuild.googleapis.com is enabled... 
[info] i  artifactregistry: ensuring required API artifactregistry.googleapis.com is enabled... 
[debug] [2026-05-29T15:59:51.675Z] Checked if tokens are valid: true, expires at: 1780073972496
[debug] [2026-05-29T15:59:51.675Z] Checked if tokens are valid: true, expires at: 1780073972496
[debug] [2026-05-29T15:59:51.675Z] >>> [apiv2][query] GET https://firebase.googleapis.com/v1beta1/projects/sierra-blu/adminSdkConfig [none]
[debug] [2026-05-29T15:59:52.582Z] <<< [apiv2][status] GET https://firebase.googleapis.com/v1beta1/projects/sierra-blu/adminSdkConfig 200
[debug] [2026-05-29T15:59:52.582Z] <<< [apiv2][body] GET https://firebase.googleapis.com/v1beta1/projects/sierra-blu/adminSdkConfig {"projectId":"sierra-blu","storageBucket":"sierra-blu.firebasestorage.app"}
[debug] [2026-05-29T15:59:52.583Z] Checked if tokens are valid: true, expires at: 1780073972496
[debug] [2026-05-29T15:59:52.583Z] Checked if tokens are valid: true, expires at: 1780073972496
[debug] [2026-05-29T15:59:52.583Z] >>> [apiv2][query] GET https://runtimeconfig.googleapis.com/v1beta1/projects/sierra-blu/configs [none]
[debug] [2026-05-29T15:59:53.064Z] <<< [apiv2][status] GET https://runtimeconfig.googleapis.com/v1beta1/projects/sierra-blu/configs 200
[debug] [2026-05-29T15:59:53.064Z] <<< [apiv2][body] GET https://runtimeconfig.googleapis.com/v1beta1/projects/sierra-blu/configs {}
[debug] [2026-05-29T15:59:53.065Z] Validating nodejs source
[warn] !  functions: Runtime Node.js 20 was deprecated on 2026-04-30 and will be decommissioned on 2026-10-30, after which you will not be able to deploy without upgrading. Consider upgrading now to avoid disruption. See https://cloud.google.com/functions/docs/runtime-support for full details on the lifecycle policy 
[warn] !  functions: package.json indicates an outdated version of firebase-functions. Please upgrade using npm install --save firebase-functions@latest in your functions directory. 
[warn] !  functions: Please note that there will be breaking changes when you upgrade. 
[debug] [2026-05-29T15:59:54.233Z] > [functions] package.json contents: {
  "name": "sierra-ai-functions",
  "version": "1.0.0",
  "description": "Firebase Cloud Functions — data collection and processing pipeline for Sierra AI",
  "main": "index.js",
  "engines": {
    "node": "20"
  },
  "dependencies": {
    "firebase-admin": "^12.1.1",
    "firebase-functions": "^5.0.1"
  },
  "private": true
}
[debug] [2026-05-29T15:59:54.234Z] Building nodejs source
[info] i  functions: Loading and analyzing source code for codebase default to determine what to deploy 
[debug] [2026-05-29T15:59:54.236Z] Could not find functions.yaml. Must use http discovery
[debug] [2026-05-29T15:59:54.248Z] Found firebase-functions binary at 'I:\28-5 Si\firebase-backend\functions\node_modules\.bin\firebase-functions'
[info] Serving at port 8542

[info] ✅ Sierra AI backend functions loaded: collectData, processDataForApp

[debug] [2026-05-29T15:59:55.046Z] Got response from /__/functions.yaml {"endpoints":{"collectData":{"platform":"gcfv1","availableMemoryMb":null,"timeoutSeconds":null,"minInstances":null,"maxInstances":null,"ingressSettings":null,"serviceAccountEmail":null,"vpc":null,"httpsTrigger":{},"entryPoint":"collectData"},"processDataForApp":{"platform":"gcfv1","availableMemoryMb":null,"timeoutSeconds":null,"minInstances":null,"maxInstances":null,"ingressSettings":null,"serviceAccountEmail":null,"vpc":null,"eventTrigger":{"eventType":"providers/cloud.firestore/eventTypes/document.create","eventFilters":{"resource":"projects/sierra-blu/databases/(default)/documents/rawScrapeData/{docId}"},"retry":false},"labels":{},"entryPoint":"processDataForApp"}},"specVersion":"v1alpha1","requiredAPIs":[],"extensions":{}}
[info] i  extensions: ensuring required API firebaseextensions.googleapis.com is enabled... 
[debug] [2026-05-29T15:59:59.106Z] > command requires scopes: ["email","openid","https://www.googleapis.com/auth/cloudplatformprojects.readonly","https://www.googleapis.com/auth/firebase","https://www.googleapis.com/auth/cloud-platform"]
[debug] [2026-05-29T15:59:59.107Z] > authorizing via signed-in user (a.fawzy8866@gmail.com)
[debug] [2026-05-29T15:59:59.107Z] [iam] checking project sierra-blu for permissions ["firebase.projects.get","firebaseextensions.instances.list"]
[debug] [2026-05-29T15:59:59.108Z] Checked if tokens are valid: true, expires at: 1780073972496
[debug] [2026-05-29T15:59:59.108Z] Checked if tokens are valid: true, expires at: 1780073972496
[debug] [2026-05-29T15:59:59.108Z] >>> [apiv2][query] POST https://cloudresourcemanager.googleapis.com/v1/projects/sierra-blu:testIamPermissions [none]
[debug] [2026-05-29T15:59:59.108Z] >>> [apiv2][(partial)header] POST https://cloudresourcemanager.googleapis.com/v1/projects/sierra-blu:testIamPermissions  x-goog-user-project=sierra-blu
[debug] [2026-05-29T15:59:59.108Z] >>> [apiv2][body] POST https://cloudresourcemanager.googleapis.com/v1/projects/sierra-blu:testIamPermissions {"permissions":["firebase.projects.get","firebaseextensions.instances.list"]}
[debug] [2026-05-29T15:59:59.468Z] <<< [apiv2][status] POST https://cloudresourcemanager.googleapis.com/v1/projects/sierra-blu:testIamPermissions 200
[debug] [2026-05-29T15:59:59.469Z] <<< [apiv2][body] POST https://cloudresourcemanager.googleapis.com/v1/projects/sierra-blu:testIamPermissions {"permissions":["firebase.projects.get","firebaseextensions.instances.list"]}
[debug] [2026-05-29T15:59:59.470Z] Checked if tokens are valid: true, expires at: 1780073972496
[debug] [2026-05-29T15:59:59.470Z] Checked if tokens are valid: true, expires at: 1780073972496
[debug] [2026-05-29T15:59:59.471Z] >>> [apiv2][query] GET https://firebaseextensions.googleapis.com/v1beta/projects/sierra-blu/instances pageSize=100&pageToken=
[debug] [2026-05-29T16:00:00.531Z] <<< [apiv2][status] GET https://firebaseextensions.googleapis.com/v1beta/projects/sierra-blu/instances 200
[debug] [2026-05-29T16:00:00.532Z] <<< [apiv2][body] GET https://firebaseextensions.googleapis.com/v1beta/projects/sierra-blu/instances {}
[info] i  functions: preparing functions directory for uploading... 
[info] i  functions: packaged I:\28-5 Si\firebase-backend\functions (31.81 KB) for uploading 
[debug] [2026-05-29T16:00:00.620Z] Checked if tokens are valid: true, expires at: 1780073972496
[debug] [2026-05-29T16:00:00.620Z] Checked if tokens are valid: true, expires at: 1780073972496
[debug] [2026-05-29T16:00:00.621Z] >>> [apiv2][query] GET https://cloudfunctions.googleapis.com/v1/projects/sierra-blu/locations/-/functions [none]
[debug] [2026-05-29T16:00:01.498Z] <<< [apiv2][status] GET https://cloudfunctions.googleapis.com/v1/projects/sierra-blu/locations/-/functions 200
[debug] [2026-05-29T16:00:01.498Z] <<< [apiv2][body] GET https://cloudfunctions.googleapis.com/v1/projects/sierra-blu/locations/-/functions {}
[debug] [2026-05-29T16:00:01.499Z] Checked if tokens are valid: true, expires at: 1780073972496
[debug] [2026-05-29T16:00:01.499Z] Checked if tokens are valid: true, expires at: 1780073972496
[debug] [2026-05-29T16:00:01.500Z] >>> [apiv2][query] GET https://cloudfunctions.googleapis.com/v2/projects/sierra-blu/locations/-/functions filter=environment%3D%22GEN_2%22
[debug] [2026-05-29T16:00:02.533Z] <<< [apiv2][status] GET https://cloudfunctions.googleapis.com/v2/projects/sierra-blu/locations/-/functions 200
[debug] [2026-05-29T16:00:02.534Z] <<< [apiv2][body] GET https://cloudfunctions.googleapis.com/v2/projects/sierra-blu/locations/-/functions {"functions":[{"name":"projects/sierra-blu/locations/us-central1/functions/ssrsierrablu","buildConfig":{"build":"projects/941030513456/locations/us-central1/builds/e4c3f6c1-6d4a-44c4-87a7-a9d5c41fbff9","runtime":"nodejs24","entryPoint":"ssrsierrablu","source":{"storageSource":{"bucket":"gcf-v2-sources-941030513456-us-central1","object":"ssrsierrablu/function-source.zip","generation":"1775375685683739"}},"environmentVariables":{"GOOGLE_NODE_RUN_SCRIPTS":""},"dockerRepository":"projects/sierra-blu/locations/us-central1/repositories/gcf-artifacts","sourceProvenance":{"resolvedStorageSource":{"bucket":"gcf-v2-sources-941030513456-us-central1","object":"ssrsierrablu/function-source.zip","generation":"1775375685683739"}},"dockerRegistry":"ARTIFACT_REGISTRY","serviceAccount":"projects/sierra-blu/serviceAccounts/941030513456-compute@developer.gserviceaccount.com","automaticUpdatePolicy":{}},"state":"UNKNOWN","updateTime":"2026-04-09T15:34:19.615681679Z","labels":{"deployment-tool":"cli-firebase","firebase-functions-codebase":"firebase-frameworks-sierra-blu","firebase-functions-hash":"c121ad06dac2342c05ffe164469919a7ae66cd6b"},"stateMessages":[{"severity":"ERROR","type":"CloudRunServiceNotFound","message":"Cloud Run service projects/sierra-blu/locations/us-central1/services/ssrsierrablu for the function was not found. The function will not work correctly. Please redeploy."}],"environment":"GEN_2","url":"https://us-central1-sierra-blu.cloudfunctions.net/ssrsierrablu","createTime":"2026-04-05T07:54:46.895624247Z","satisfiesPzi":true}]}
[debug] [2026-05-29T16:00:02.538Z] Checked if tokens are valid: true, expires at: 1780073972496
[debug] [2026-05-29T16:00:02.538Z] Checked if tokens are valid: true, expires at: 1780073972496
[debug] [2026-05-29T16:00:02.539Z] >>> [apiv2][query] GET https://firestore.googleapis.com/v1/projects/sierra-blu/databases/(default) [none]
[debug] [2026-05-29T16:00:03.548Z] <<< [apiv2][status] GET https://firestore.googleapis.com/v1/projects/sierra-blu/databases/(default) 200
[debug] [2026-05-29T16:00:03.549Z] <<< [apiv2][body] GET https://firestore.googleapis.com/v1/projects/sierra-blu/databases/(default) {"name":"projects/sierra-blu/databases/(default)","uid":"21d2d880-bee6-47c5-af93-8ba9df3296e0","createTime":"2026-04-02T11:59:08.202563Z","updateTime":"2026-04-02T11:59:08.202563Z","locationId":"nam5","type":"FIRESTORE_NATIVE","concurrencyMode":"PESSIMISTIC","versionRetentionPeriod":"3600s","earliestVersionTime":"2026-05-29T15:00:04.144760Z","appEngineIntegrationMode":"DISABLED","keyPrefix":"s","pointInTimeRecoveryEnablement":"POINT_IN_TIME_RECOVERY_DISABLED","deleteProtectionState":"DELETE_PROTECTION_DISABLED","databaseEdition":"STANDARD","freeTier":false,"realtimeUpdatesMode":"REALTIME_UPDATES_MODE_ENABLED","etag":"ILn49IDv3pQDML2W0Zrk0ZMD"}
[debug] [2026-05-29T16:00:03.556Z] Checked if tokens are valid: true, expires at: 1780073972496
[debug] [2026-05-29T16:00:03.556Z] Checked if tokens are valid: true, expires at: 1780073972496
[debug] [2026-05-29T16:00:03.556Z] >>> [apiv2][query] GET https://cloudresourcemanager.googleapis.com/v1/projects/sierra-blu [none]
[debug] [2026-05-29T16:00:04.185Z] <<< [apiv2][status] GET https://cloudresourcemanager.googleapis.com/v1/projects/sierra-blu 200
[debug] [2026-05-29T16:00:04.185Z] <<< [apiv2][body] GET https://cloudresourcemanager.googleapis.com/v1/projects/sierra-blu {"projectNumber":"941030513456","projectId":"sierra-blu","lifecycleState":"ACTIVE","name":"Sierra-Blu","labels":{"firebase":"enabled","firebase-core":"disabled"},"createTime":"2026-03-31T00:20:25.090Z","parent":{"type":"organization","id":"453272834776"}}
[debug] [2026-05-29T16:00:04.187Z] Checked if tokens are valid: true, expires at: 1780073972496
[debug] [2026-05-29T16:00:04.188Z] Checked if tokens are valid: true, expires at: 1780073972496
[debug] [2026-05-29T16:00:04.188Z] >>> [apiv2][query] GET https://firebaserules.googleapis.com/v1/projects/sierra-blu/releases pageSize=10&pageToken=
[debug] [2026-05-29T16:00:04.599Z] <<< [apiv2][status] GET https://firebaserules.googleapis.com/v1/projects/sierra-blu/releases 200
[debug] [2026-05-29T16:00:04.599Z] <<< [apiv2][body] GET https://firebaserules.googleapis.com/v1/projects/sierra-blu/releases {"releases":[{"name":"projects/sierra-blu/releases/cloud.firestore","rulesetName":"projects/sierra-blu/rulesets/870774dc-fb25-4c28-902a-aed683efc4b7","createTime":"2026-04-02T11:59:12.463056Z","updateTime":"2026-04-29T13:53:20.094723Z"},{"name":"projects/sierra-blu/releases/cloud.firestore/ai-studio-a495c2d7-78c5-4848-ae5e-89dcf4fab58f","rulesetName":"projects/sierra-blu/rulesets/34e65bf9-ce5d-4d3f-8a83-3d7251b06da1","createTime":"2026-04-18T08:02:10.867449Z","updateTime":"2026-04-18T08:02:10.867449Z"},{"name":"projects/sierra-blu/releases/cloud.firestore/ai-studio-fba18868-fac0-491f-84a4-ca5373570e2c","rulesetName":"projects/sierra-blu/rulesets/90058d2a-c4f9-4bbe-b29e-83667a9aa127","createTime":"2026-03-31T19:14:34.859821Z","updateTime":"2026-03-31T19:14:34.859821Z"}]}
[debug] [2026-05-29T16:00:04.620Z] Checked if tokens are valid: true, expires at: 1780073972496
[debug] [2026-05-29T16:00:04.620Z] Checked if tokens are valid: true, expires at: 1780073972496
[debug] [2026-05-29T16:00:04.621Z] >>> [apiv2][query] GET https://firebaserules.googleapis.com/v1/projects/sierra-blu/rulesets/34e65bf9-ce5d-4d3f-8a83-3d7251b06da1 [none]
[debug] [2026-05-29T16:00:04.955Z] <<< [apiv2][status] GET https://firebaserules.googleapis.com/v1/projects/sierra-blu/rulesets/34e65bf9-ce5d-4d3f-8a83-3d7251b06da1 200
[debug] [2026-05-29T16:00:04.956Z] <<< [apiv2][body] GET https://firebaserules.googleapis.com/v1/projects/sierra-blu/rulesets/34e65bf9-ce5d-4d3f-8a83-3d7251b06da1 [omitted]
[info] i  firestore: uploading rules firestore.rules... 
[debug] [2026-05-29T16:00:04.959Z] Checked if tokens are valid: true, expires at: 1780073972496
[debug] [2026-05-29T16:00:04.959Z] Checked if tokens are valid: true, expires at: 1780073972496
[debug] [2026-05-29T16:00:04.959Z] >>> [apiv2][query] POST https://firebaserules.googleapis.com/v1/projects/sierra-blu/rulesets [none]
[debug] [2026-05-29T16:00:04.959Z] >>> [apiv2][body] POST https://firebaserules.googleapis.com/v1/projects/sierra-blu/rulesets [omitted]
[debug] [2026-05-29T16:00:05.849Z] <<< [apiv2][status] POST https://firebaserules.googleapis.com/v1/projects/sierra-blu/rulesets 200
[debug] [2026-05-29T16:00:05.850Z] <<< [apiv2][body] POST https://firebaserules.googleapis.com/v1/projects/sierra-blu/rulesets {"name":"projects/sierra-blu/rulesets/f7f60926-e8b4-42ac-9ebf-a1582ad3f028","source":{"files":[{"content":"rules_version = '2';\nservice cloud.firestore {\n  match /databases/{database}/documents {\n    match /{document=**} {\n      allow read, write: if request.auth != null;\n    }\n  }\n}\n","name":"firestore.rules"}]},"createTime":"2026-05-29T16:00:06.444351Z","metadata":{"services":["cloud.firestore"]}}
[debug] [2026-05-29T16:00:05.850Z] [rules] created ruleset projects/sierra-blu/rulesets/f7f60926-e8b4-42ac-9ebf-a1582ad3f028
[debug] [2026-05-29T16:00:05.851Z] Checked if tokens are valid: true, expires at: 1780073972496
[debug] [2026-05-29T16:00:05.851Z] Checked if tokens are valid: true, expires at: 1780073972496
[debug] [2026-05-29T16:00:05.851Z] >>> [apiv2][query] GET https://cloudbilling.googleapis.com/v1/projects/sierra-blu/billingInfo [none]
[debug] [2026-05-29T16:00:06.282Z] <<< [apiv2][status] GET https://cloudbilling.googleapis.com/v1/projects/sierra-blu/billingInfo 200
[debug] [2026-05-29T16:00:06.282Z] <<< [apiv2][body] GET https://cloudbilling.googleapis.com/v1/projects/sierra-blu/billingInfo {"name":"projects/sierra-blu/billingInfo","projectId":"sierra-blu","billingAccountName":"billingAccounts/0149B6-919B3D-52D133","billingEnabled":true}
[debug] [2026-05-29T16:00:06.283Z] [functions] found 1 new HTTP functions, testing setIamPolicy permission...
[debug] [2026-05-29T16:00:06.283Z] Checked if tokens are valid: true, expires at: 1780073972496
[debug] [2026-05-29T16:00:06.283Z] Checked if tokens are valid: true, expires at: 1780073972496
[debug] [2026-05-29T16:00:06.284Z] >>> [apiv2][query] POST https://cloudresourcemanager.googleapis.com/v1/projects/sierra-blu:testIamPermissions [none]
[debug] [2026-05-29T16:00:06.284Z] >>> [apiv2][(partial)header] POST https://cloudresourcemanager.googleapis.com/v1/projects/sierra-blu:testIamPermissions  x-goog-user-project=sierra-blu
[debug] [2026-05-29T16:00:06.284Z] >>> [apiv2][body] POST https://cloudresourcemanager.googleapis.com/v1/projects/sierra-blu:testIamPermissions {"permissions":["cloudfunctions.functions.setIamPolicy"]}
[debug] [2026-05-29T16:00:06.473Z] <<< [apiv2][status] POST https://cloudresourcemanager.googleapis.com/v1/projects/sierra-blu:testIamPermissions 200
[debug] [2026-05-29T16:00:06.473Z] <<< [apiv2][body] POST https://cloudresourcemanager.googleapis.com/v1/projects/sierra-blu:testIamPermissions {"permissions":["cloudfunctions.functions.setIamPolicy"]}
[debug] [2026-05-29T16:00:06.473Z] [functions] found setIamPolicy permission, proceeding with deploy
[debug] [2026-05-29T16:00:06.473Z] Checked if tokens are valid: true, expires at: 1780073972496
[debug] [2026-05-29T16:00:06.474Z] Checked if tokens are valid: true, expires at: 1780073972496
[debug] [2026-05-29T16:00:06.474Z] >>> [apiv2][query] POST https://cloudfunctions.googleapis.com/v1/projects/sierra-blu/locations/us-central1/functions:generateUploadUrl [none]
[debug] [2026-05-29T16:00:06.474Z] >>> [apiv2][body] POST https://cloudfunctions.googleapis.com/v1/projects/sierra-blu/locations/us-central1/functions:generateUploadUrl {}
[debug] [2026-05-29T16:00:15.935Z] <<< [apiv2][status] POST https://cloudfunctions.googleapis.com/v1/projects/sierra-blu/locations/us-central1/functions:generateUploadUrl 200
[debug] [2026-05-29T16:00:15.935Z] <<< [apiv2][body] POST https://cloudfunctions.googleapis.com/v1/projects/sierra-blu/locations/us-central1/functions:generateUploadUrl {"uploadUrl":"https://storage.googleapis.com/uploads-709696472200.us-central1.cloudfunctions.appspot.com/4000559b-59dd-4d3c-a9b5-d3b967c3b061.zip?GoogleAccessId=service-941030513456@gcf-admin-robot.iam.gserviceaccount.com&Expires=1780072216&Signature=jjxwLG10DliTl9Af7gkQ4n3FEyImDGqlE%2FQ5W6vaPifPfxnZGYx2uetYUGaLZclZEWuruSHR2QHz7lC0BnNBYB7K%2BUFeoBTXHW2UJBKzB%2FAwWvLufrfDvh%2BLiW%2FpqzFkA1u5kSn%2FyM6rtC6OGSw63wcdoGL%2FSWzzjFlUdRoDWPF9TeS5J9%2B%2BsOFEPn9SPBkHi4mSjVPNSlbOX0KenEd7QlKpcZueIvkDr3Yz71WVw9q12fpJOJNmSaPZoGvIRx5%2FnlY%2B3mMQdido2wz3iWjRunAhrJ%2B1AwkFJH7tZmzoOMD9OJA33Ja2Tymt7zthIJcVOrLaUcTAEKZcH%2ByCA9WkiA%3D%3D"}
[debug] [2026-05-29T16:00:15.935Z] >>> [apiv2][query] PUT https://storage.googleapis.com/uploads-709696472200.us-central1.cloudfunctions.appspot.com/4000559b-59dd-4d3c-a9b5-d3b967c3b061.zip GoogleAccessId=service-941030513456%40gcf-admin-robot.iam.gserviceaccount.com&Expires=1780072216&Signature=jjxwLG10DliTl9Af7gkQ4n3FEyImDGqlE%2FQ5W6vaPifPfxnZGYx2uetYUGaLZclZEWuruSHR2QHz7lC0BnNBYB7K%2BUFeoBTXHW2UJBKzB%2FAwWvLufrfDvh%2BLiW%2FpqzFkA1u5kSn%2FyM6rtC6OGSw63wcdoGL%2FSWzzjFlUdRoDWPF9TeS5J9%2B%2BsOFEPn9SPBkHi4mSjVPNSlbOX0KenEd7QlKpcZueIvkDr3Yz71WVw9q12fpJOJNmSaPZoGvIRx5%2FnlY%2B3mMQdido2wz3iWjRunAhrJ%2B1AwkFJH7tZmzoOMD9OJA33Ja2Tymt7zthIJcVOrLaUcTAEKZcH%2ByCA9WkiA%3D%3D
[debug] [2026-05-29T16:00:15.935Z] >>> [apiv2][body] PUT https://storage.googleapis.com/uploads-709696472200.us-central1.cloudfunctions.appspot.com/4000559b-59dd-4d3c-a9b5-d3b967c3b061.zip [stream]
[debug] [2026-05-29T16:00:17.410Z] <<< [apiv2][status] PUT https://storage.googleapis.com/uploads-709696472200.us-central1.cloudfunctions.appspot.com/4000559b-59dd-4d3c-a9b5-d3b967c3b061.zip 200
[debug] [2026-05-29T16:00:17.410Z] <<< [apiv2][body] PUT https://storage.googleapis.com/uploads-709696472200.us-central1.cloudfunctions.appspot.com/4000559b-59dd-4d3c-a9b5-d3b967c3b061.zip [omitted]
[info] +  functions: functions source uploaded successfully 
[debug] [2026-05-29T16:00:17.411Z] [rules] releasing cloud.firestore with ruleset projects/sierra-blu/rulesets/f7f60926-e8b4-42ac-9ebf-a1582ad3f028
[debug] [2026-05-29T16:00:17.411Z] Checked if tokens are valid: true, expires at: 1780073972496
[debug] [2026-05-29T16:00:17.412Z] Checked if tokens are valid: true, expires at: 1780073972496
[debug] [2026-05-29T16:00:17.412Z] >>> [apiv2][query] PATCH https://firebaserules.googleapis.com/v1/projects/sierra-blu/releases/cloud.firestore [none]
[debug] [2026-05-29T16:00:17.412Z] >>> [apiv2][body] PATCH https://firebaserules.googleapis.com/v1/projects/sierra-blu/releases/cloud.firestore {"release":{"name":"projects/sierra-blu/releases/cloud.firestore","rulesetName":"projects/sierra-blu/rulesets/f7f60926-e8b4-42ac-9ebf-a1582ad3f028"}}
[debug] [2026-05-29T16:00:18.409Z] <<< [apiv2][status] PATCH https://firebaserules.googleapis.com/v1/projects/sierra-blu/releases/cloud.firestore 200
[debug] [2026-05-29T16:00:18.409Z] <<< [apiv2][body] PATCH https://firebaserules.googleapis.com/v1/projects/sierra-blu/releases/cloud.firestore {"name":"projects/sierra-blu/releases/cloud.firestore","rulesetName":"projects/sierra-blu/rulesets/f7f60926-e8b4-42ac-9ebf-a1582ad3f028","createTime":"2026-04-02T11:59:12.463056Z","updateTime":"2026-05-29T16:00:19.009447Z"}
[debug] [2026-05-29T16:00:18.409Z] [rules] updated release projects/sierra-blu/releases/cloud.firestore
[info] +  firestore: released rules firestore.rules to cloud.firestore 
[info] i  functions: creating Node.js 20 (1st Gen) function collectData(us-central1)... 
[info] i  functions: creating Node.js 20 (1st Gen) function processDataForApp(us-central1)... 
[debug] [2026-05-29T16:00:18.417Z] Checked if tokens are valid: true, expires at: 1780073972496
[debug] [2026-05-29T16:00:18.417Z] Checked if tokens are valid: true, expires at: 1780073972496
[debug] [2026-05-29T16:00:18.417Z] >>> [apiv2][query] POST https://cloudfunctions.googleapis.com/v1/projects/sierra-blu/locations/us-central1/functions [none]
[debug] [2026-05-29T16:00:18.417Z] >>> [apiv2][body] POST https://cloudfunctions.googleapis.com/v1/projects/sierra-blu/locations/us-central1/functions {"name":"projects/sierra-blu/locations/us-central1/functions/collectData","sourceUploadUrl":"https://storage.googleapis.com/uploads-709696472200.us-central1.cloudfunctions.appspot.com/4000559b-59dd-4d3c-a9b5-d3b967c3b061.zip?GoogleAccessId=service-941030513456@gcf-admin-robot.iam.gserviceaccount.com&Expires=1780072216&Signature=jjxwLG10DliTl9Af7gkQ4n3FEyImDGqlE%2FQ5W6vaPifPfxnZGYx2uetYUGaLZclZEWuruSHR2QHz7lC0BnNBYB7K%2BUFeoBTXHW2UJBKzB%2FAwWvLufrfDvh%2BLiW%2FpqzFkA1u5kSn%2FyM6rtC6OGSw63wcdoGL%2FSWzzjFlUdRoDWPF9TeS5J9%2B%2BsOFEPn9SPBkHi4mSjVPNSlbOX0KenEd7QlKpcZueIvkDr3Yz71WVw9q12fpJOJNmSaPZoGvIRx5%2FnlY%2B3mMQdido2wz3iWjRunAhrJ%2B1AwkFJH7tZmzoOMD9OJA33Ja2Tymt7zthIJcVOrLaUcTAEKZcH%2ByCA9WkiA%3D%3D","entryPoint":"collectData","runtime":"nodejs20","dockerRegistry":"ARTIFACT_REGISTRY","labels":{"deployment-tool":"cli-firebase","firebase-functions-hash":"38e7f07d48eb845ee88a164f82999223c79ae416"},"httpsTrigger":{"securityLevel":"SECURE_ALWAYS"},"minInstances":null,"maxInstances":null,"ingressSettings":null,"environmentVariables":{"FIREBASE_CONFIG":"{\"projectId\":\"sierra-blu\",\"storageBucket\":\"sierra-blu.firebasestorage.app\"}","GCLOUD_PROJECT":"sierra-blu","EVENTARC_CLOUD_EVENT_SOURCE":"projects/sierra-blu/locations/REGION_TBD/functions/collectData"},"serviceAccountEmail":null,"availableMemoryMb":null,"timeout":null,"vpcConnector":null,"vpcConnectorEgressSettings":null,"buildEnvironmentVariables":{"GOOGLE_NODE_RUN_SCRIPTS":""}}
[debug] [2026-05-29T16:00:19.264Z] <<< [apiv2][status] POST https://cloudfunctions.googleapis.com/v1/projects/sierra-blu/locations/us-central1/functions 200
[debug] [2026-05-29T16:00:19.265Z] <<< [apiv2][body] POST https://cloudfunctions.googleapis.com/v1/projects/sierra-blu/locations/us-central1/functions {"name":"operations/cHJvamVjdHMvc2llcnJhLWJsdS9sb2NhdGlvbnMvdXMtY2VudHJhbDEvb3BlcmF0aW9ucy9vcGVyYXRpb24tMTc4MDA3MDQxOTI5Ni02NTJmNmYxMDQ2ZjJlLTE3Y2ZkY2JkLWVhZTAxNjhl","metadata":{"@type":"type.googleapis.com/google.cloud.functions.v1.OperationMetadataV1","target":"projects/sierra-blu/locations/us-central1/functions/collectData","updateTime":"2026-05-29T16:00:19.863263505Z"}}
[debug] [2026-05-29T16:00:19.265Z] Checked if tokens are valid: true, expires at: 1780073972496
[debug] [2026-05-29T16:00:19.266Z] Checked if tokens are valid: true, expires at: 1780073972496
[debug] [2026-05-29T16:00:19.266Z] >>> [apiv2][query] GET https://cloudfunctions.googleapis.com/v1/operations/cHJvamVjdHMvc2llcnJhLWJsdS9sb2NhdGlvbnMvdXMtY2VudHJhbDEvb3BlcmF0aW9ucy9vcGVyYXRpb24tMTc4MDA3MDQxOTI5Ni02NTJmNmYxMDQ2ZjJlLTE3Y2ZkY2JkLWVhZTAxNjhl [none]
[debug] [2026-05-29T16:00:19.572Z] <<< [apiv2][status] GET https://cloudfunctions.googleapis.com/v1/operations/cHJvamVjdHMvc2llcnJhLWJsdS9sb2NhdGlvbnMvdXMtY2VudHJhbDEvb3BlcmF0aW9ucy9vcGVyYXRpb24tMTc4MDA3MDQxOTI5Ni02NTJmNmYxMDQ2ZjJlLTE3Y2ZkY2JkLWVhZTAxNjhl 200
[debug] [2026-05-29T16:00:19.573Z] <<< [apiv2][body] GET https://cloudfunctions.googleapis.com/v1/operations/cHJvamVjdHMvc2llcnJhLWJsdS9sb2NhdGlvbnMvdXMtY2VudHJhbDEvb3BlcmF0aW9ucy9vcGVyYXRpb24tMTc4MDA3MDQxOTI5Ni02NTJmNmYxMDQ2ZjJlLTE3Y2ZkY2JkLWVhZTAxNjhl {"name":"operations/cHJvamVjdHMvc2llcnJhLWJsdS9sb2NhdGlvbnMvdXMtY2VudHJhbDEvb3BlcmF0aW9ucy9vcGVyYXRpb24tMTc4MDA3MDQxOTI5Ni02NTJmNmYxMDQ2ZjJlLTE3Y2ZkY2JkLWVhZTAxNjhl","metadata":{"@type":"type.googleapis.com/google.cloud.functions.v1.OperationMetadataV1","target":"projects/sierra-blu/locations/us-central1/functions/collectData","updateTime":"2026-05-29T16:00:19.863263505Z"}}
[debug] [2026-05-29T16:00:20.082Z] [create-default-us-central1-collectData] Retrying task index 0
[debug] [2026-05-29T16:00:20.082Z] Checked if tokens are valid: true, expires at: 1780073972496
[debug] [2026-05-29T16:00:20.082Z] Checked if tokens are valid: true, expires at: 1780073972496
[debug] [2026-05-29T16:00:20.082Z] >>> [apiv2][query] GET https://cloudfunctions.googleapis.com/v1/operations/cHJvamVjdHMvc2llcnJhLWJsdS9sb2NhdGlvbnMvdXMtY2VudHJhbDEvb3BlcmF0aW9ucy9vcGVyYXRpb24tMTc4MDA3MDQxOTI5Ni02NTJmNmYxMDQ2ZjJlLTE3Y2ZkY2JkLWVhZTAxNjhl [none]
[debug] [2026-05-29T16:00:20.366Z] <<< [apiv2][status] GET https://cloudfunctions.googleapis.com/v1/operations/cHJvamVjdHMvc2llcnJhLWJsdS9sb2NhdGlvbnMvdXMtY2VudHJhbDEvb3BlcmF0aW9ucy9vcGVyYXRpb24tMTc4MDA3MDQxOTI5Ni02NTJmNmYxMDQ2ZjJlLTE3Y2ZkY2JkLWVhZTAxNjhl 200
[debug] [2026-05-29T16:00:20.366Z] <<< [apiv2][body] GET https://cloudfunctions.googleapis.com/v1/operations/cHJvamVjdHMvc2llcnJhLWJsdS9sb2NhdGlvbnMvdXMtY2VudHJhbDEvb3BlcmF0aW9ucy9vcGVyYXRpb24tMTc4MDA3MDQxOTI5Ni02NTJmNmYxMDQ2ZjJlLTE3Y2ZkY2JkLWVhZTAxNjhl {"name":"operations/cHJvamVjdHMvc2llcnJhLWJsdS9sb2NhdGlvbnMvdXMtY2VudHJhbDEvb3BlcmF0aW9ucy9vcGVyYXRpb24tMTc4MDA3MDQxOTI5Ni02NTJmNmYxMDQ2ZjJlLTE3Y2ZkY2JkLWVhZTAxNjhl","metadata":{"@type":"type.googleapis.com/google.cloud.functions.v1.OperationMetadataV1","target":"projects/sierra-blu/locations/us-central1/functions/collectData","type":"CREATE_FUNCTION","request":{"@type":"type.googleapis.com/google.cloud.functions.v1.CloudFunction","name":"projects/sierra-blu/locations/us-central1/functions/collectData","httpsTrigger":{"securityLevel":"SECURE_ALWAYS"},"entryPoint":"collectData","updateTime":"1970-01-01T00:00:00Z","labels":{"deployment-tool":"cli-firebase","firebase-functions-hash":"38e7f07d48eb845ee88a164f82999223c79ae416"},"sourceUploadUrl":"https://storage.googleapis.com/uploads-709696472200.us-central1.cloudfunctions.appspot.com/4000559b-59dd-4d3c-a9b5-d3b967c3b061.zip?GoogleAccessId=service-941030513456@gcf-admin-robot.iam.gserviceaccount.com&Expires=1780072216&Signature=jjxwLG10DliTl9Af7gkQ4n3FEyImDGqlE%2FQ5W6vaPifPfxnZGYx2uetYUGaLZclZEWuruSHR2QHz7lC0BnNBYB7K%2BUFeoBTXHW2UJBKzB%2FAwWvLufrfDvh%2BLiW%2FpqzFkA1u5kSn%2FyM6rtC6OGSw63wcdoGL%2FSWzzjFlUdRoDWPF9TeS5J9%2B%2BsOFEPn9SPBkHi4mSjVPNSlbOX0KenEd7QlKpcZueIvkDr3Yz71WVw9q12fpJOJNmSaPZoGvIRx5%2FnlY%2B3mMQdido2wz3iWjRunAhrJ%2B1AwkFJH7tZmzoOMD9OJA33Ja2Tymt7zthIJcVOrLaUcTAEKZcH%2ByCA9WkiA%3D%3D","environmentVariables":{"FIREBASE_CONFIG":"{\"projectId\":\"sierra-blu\",\"storageBucket\":\"sierra-blu.firebasestorage.app\"}","GCLOUD_PROJECT":"sierra-blu","EVENTARC_CLOUD_EVENT_SOURCE":"projects/sierra-blu/locations/REGION_TBD/functions/collectData"},"runtime":"nodejs20","buildEnvironmentVariables":{"GOOGLE_NODE_RUN_SCRIPTS":""},"dockerRegistry":"ARTIFACT_REGISTRY"},"versionId":"1","updateTime":"2026-05-29T16:00:19.863263505Z"}}
[debug] [2026-05-29T16:00:21.369Z] [create-default-us-central1-collectData] Retrying task index 0
[debug] [2026-05-29T16:00:21.370Z] Checked if tokens are valid: true, expires at: 1780073972496
[debug] [2026-05-29T16:00:21.370Z] Checked if tokens are valid: true, expires at: 1780073972496
[debug] [2026-05-29T16:00:21.370Z] >>> [apiv2][query] GET https://cloudfunctions.googleapis.com/v1/operations/cHJvamVjdHMvc2llcnJhLWJsdS9sb2NhdGlvbnMvdXMtY2VudHJhbDEvb3BlcmF0aW9ucy9vcGVyYXRpb24tMTc4MDA3MDQxOTI5Ni02NTJmNmYxMDQ2ZjJlLTE3Y2ZkY2JkLWVhZTAxNjhl [none]
[debug] [2026-05-29T16:00:21.739Z] <<< [apiv2][status] GET https://cloudfunctions.googleapis.com/v1/operations/cHJvamVjdHMvc2llcnJhLWJsdS9sb2NhdGlvbnMvdXMtY2VudHJhbDEvb3BlcmF0aW9ucy9vcGVyYXRpb24tMTc4MDA3MDQxOTI5Ni02NTJmNmYxMDQ2ZjJlLTE3Y2ZkY2JkLWVhZTAxNjhl 200
[debug] [2026-05-29T16:00:21.740Z] <<< [apiv2][body] GET https://cloudfunctions.googleapis.com/v1/operations/cHJvamVjdHMvc2llcnJhLWJsdS9sb2NhdGlvbnMvdXMtY2VudHJhbDEvb3BlcmF0aW9ucy9vcGVyYXRpb24tMTc4MDA3MDQxOTI5Ni02NTJmNmYxMDQ2ZjJlLTE3Y2ZkY2JkLWVhZTAxNjhl {"name":"operations/cHJvamVjdHMvc2llcnJhLWJsdS9sb2NhdGlvbnMvdXMtY2VudHJhbDEvb3BlcmF0aW9ucy9vcGVyYXRpb24tMTc4MDA3MDQxOTI5Ni02NTJmNmYxMDQ2ZjJlLTE3Y2ZkY2JkLWVhZTAxNjhl","metadata":{"@type":"type.googleapis.com/google.cloud.functions.v1.OperationMetadataV1","target":"projects/sierra-blu/locations/us-central1/functions/collectData","type":"CREATE_FUNCTION","request":{"@type":"type.googleapis.com/google.cloud.functions.v1.CloudFunction","name":"projects/sierra-blu/locations/us-central1/functions/collectData","httpsTrigger":{"securityLevel":"SECURE_ALWAYS"},"entryPoint":"collectData","updateTime":"1970-01-01T00:00:00Z","labels":{"deployment-tool":"cli-firebase","firebase-functions-hash":"38e7f07d48eb845ee88a164f82999223c79ae416"},"sourceUploadUrl":"https://storage.googleapis.com/uploads-709696472200.us-central1.cloudfunctions.appspot.com/4000559b-59dd-4d3c-a9b5-d3b967c3b061.zip?GoogleAccessId=service-941030513456@gcf-admin-robot.iam.gserviceaccount.com&Expires=1780072216&Signature=jjxwLG10DliTl9Af7gkQ4n3FEyImDGqlE%2FQ5W6vaPifPfxnZGYx2uetYUGaLZclZEWuruSHR2QHz7lC0BnNBYB7K%2BUFeoBTXHW2UJBKzB%2FAwWvLufrfDvh%2BLiW%2FpqzFkA1u5kSn%2FyM6rtC6OGSw63wcdoGL%2FSWzzjFlUdRoDWPF9TeS5J9%2B%2BsOFEPn9SPBkHi4mSjVPNSlbOX0KenEd7QlKpcZueIvkDr3Yz71WVw9q12fpJOJNmSaPZoGvIRx5%2FnlY%2B3mMQdido2wz3iWjRunAhrJ%2B1AwkFJH7tZmzoOMD9OJA33Ja2Tymt7zthIJcVOrLaUcTAEKZcH%2ByCA9WkiA%3D%3D","environmentVariables":{"FIREBASE_CONFIG":"{\"projectId\":\"sierra-blu\",\"storageBucket\":\"sierra-blu.firebasestorage.app\"}","GCLOUD_PROJECT":"sierra-blu","EVENTARC_CLOUD_EVENT_SOURCE":"projects/sierra-blu/locations/REGION_TBD/functions/collectData"},"runtime":"nodejs20","buildEnvironmentVariables":{"GOOGLE_NODE_RUN_SCRIPTS":""},"dockerRegistry":"ARTIFACT_REGISTRY"},"versionId":"1","updateTime":"2026-05-29T16:00:19.863263505Z"}}
[debug] [2026-05-29T16:00:23.754Z] [create-default-us-central1-collectData] Retrying task index 0
[debug] [2026-05-29T16:00:23.754Z] Checked if tokens are valid: true, expires at: 1780073972496
[debug] [2026-05-29T16:00:23.754Z] Checked if tokens are valid: true, expires at: 1780073972496
[debug] [2026-05-29T16:00:23.754Z] >>> [apiv2][query] GET https://cloudfunctions.googleapis.com/v1/operations/cHJvamVjdHMvc2llcnJhLWJsdS9sb2NhdGlvbnMvdXMtY2VudHJhbDEvb3BlcmF0aW9ucy9vcGVyYXRpb24tMTc4MDA3MDQxOTI5Ni02NTJmNmYxMDQ2ZjJlLTE3Y2ZkY2JkLWVhZTAxNjhl [none]
[debug] [2026-05-29T16:00:23.988Z] <<< [apiv2][status] GET https://cloudfunctions.googleapis.com/v1/operations/cHJvamVjdHMvc2llcnJhLWJsdS9sb2NhdGlvbnMvdXMtY2VudHJhbDEvb3BlcmF0aW9ucy9vcGVyYXRpb24tMTc4MDA3MDQxOTI5Ni02NTJmNmYxMDQ2ZjJlLTE3Y2ZkY2JkLWVhZTAxNjhl 200
[debug] [2026-05-29T16:00:23.989Z] <<< [apiv2][body] GET https://cloudfunctions.googleapis.com/v1/operations/cHJvamVjdHMvc2llcnJhLWJsdS9sb2NhdGlvbnMvdXMtY2VudHJhbDEvb3BlcmF0aW9ucy9vcGVyYXRpb24tMTc4MDA3MDQxOTI5Ni02NTJmNmYxMDQ2ZjJlLTE3Y2ZkY2JkLWVhZTAxNjhl {"name":"operations/cHJvamVjdHMvc2llcnJhLWJsdS9sb2NhdGlvbnMvdXMtY2VudHJhbDEvb3BlcmF0aW9ucy9vcGVyYXRpb24tMTc4MDA3MDQxOTI5Ni02NTJmNmYxMDQ2ZjJlLTE3Y2ZkY2JkLWVhZTAxNjhl","metadata":{"@type":"type.googleapis.com/google.cloud.functions.v1.OperationMetadataV1","target":"projects/sierra-blu/locations/us-central1/functions/collectData","type":"CREATE_FUNCTION","request":{"@type":"type.googleapis.com/google.cloud.functions.v1.CloudFunction","name":"projects/sierra-blu/locations/us-central1/functions/collectData","httpsTrigger":{"securityLevel":"SECURE_ALWAYS"},"entryPoint":"collectData","updateTime":"1970-01-01T00:00:00Z","labels":{"deployment-tool":"cli-firebase","firebase-functions-hash":"38e7f07d48eb845ee88a164f82999223c79ae416"},"sourceUploadUrl":"https://storage.googleapis.com/uploads-709696472200.us-central1.cloudfunctions.appspot.com/4000559b-59dd-4d3c-a9b5-d3b967c3b061.zip?GoogleAccessId=service-941030513456@gcf-admin-robot.iam.gserviceaccount.com&Expires=1780072216&Signature=jjxwLG10DliTl9Af7gkQ4n3FEyImDGqlE%2FQ5W6vaPifPfxnZGYx2uetYUGaLZclZEWuruSHR2QHz7lC0BnNBYB7K%2BUFeoBTXHW2UJBKzB%2FAwWvLufrfDvh%2BLiW%2FpqzFkA1u5kSn%2FyM6rtC6OGSw63wcdoGL%2FSWzzjFlUdRoDWPF9TeS5J9%2B%2BsOFEPn9SPBkHi4mSjVPNSlbOX0KenEd7QlKpcZueIvkDr3Yz71WVw9q12fpJOJNmSaPZoGvIRx5%2FnlY%2B3mMQdido2wz3iWjRunAhrJ%2B1AwkFJH7tZmzoOMD9OJA33Ja2Tymt7zthIJcVOrLaUcTAEKZcH%2ByCA9WkiA%3D%3D","environmentVariables":{"FIREBASE_CONFIG":"{\"projectId\":\"sierra-blu\",\"storageBucket\":\"sierra-blu.firebasestorage.app\"}","GCLOUD_PROJECT":"sierra-blu","EVENTARC_CLOUD_EVENT_SOURCE":"projects/sierra-blu/locations/REGION_TBD/functions/collectData"},"runtime":"nodejs20","buildEnvironmentVariables":{"GOOGLE_NODE_RUN_SCRIPTS":""},"dockerRegistry":"ARTIFACT_REGISTRY"},"versionId":"1","updateTime":"2026-05-29T16:00:19.863263505Z","buildId":"d29f84df-ab93-4d32-9c5c-7113b7094405","buildName":"projects/941030513456/locations/us-central1/builds/d29f84df-ab93-4d32-9c5c-7113b7094405"}}
[debug] [2026-05-29T16:00:27.990Z] [create-default-us-central1-collectData] Retrying task index 0
[debug] [2026-05-29T16:00:27.990Z] Checked if tokens are valid: true, expires at: 1780073972496
[debug] [2026-05-29T16:00:27.990Z] Checked if tokens are valid: true, expires at: 1780073972496
[debug] [2026-05-29T16:00:27.991Z] >>> [apiv2][query] GET https://cloudfunctions.googleapis.com/v1/operations/cHJvamVjdHMvc2llcnJhLWJsdS9sb2NhdGlvbnMvdXMtY2VudHJhbDEvb3BlcmF0aW9ucy9vcGVyYXRpb24tMTc4MDA3MDQxOTI5Ni02NTJmNmYxMDQ2ZjJlLTE3Y2ZkY2JkLWVhZTAxNjhl [none]
[debug] [2026-05-29T16:00:28.205Z] <<< [apiv2][status] GET https://cloudfunctions.googleapis.com/v1/operations/cHJvamVjdHMvc2llcnJhLWJsdS9sb2NhdGlvbnMvdXMtY2VudHJhbDEvb3BlcmF0aW9ucy9vcGVyYXRpb24tMTc4MDA3MDQxOTI5Ni02NTJmNmYxMDQ2ZjJlLTE3Y2ZkY2JkLWVhZTAxNjhl 200
[debug] [2026-05-29T16:00:28.205Z] <<< [apiv2][body] GET https://cloudfunctions.googleapis.com/v1/operations/cHJvamVjdHMvc2llcnJhLWJsdS9sb2NhdGlvbnMvdXMtY2VudHJhbDEvb3BlcmF0aW9ucy9vcGVyYXRpb24tMTc4MDA3MDQxOTI5Ni02NTJmNmYxMDQ2ZjJlLTE3Y2ZkY2JkLWVhZTAxNjhl {"name":"operations/cHJvamVjdHMvc2llcnJhLWJsdS9sb2NhdGlvbnMvdXMtY2VudHJhbDEvb3BlcmF0aW9ucy9vcGVyYXRpb24tMTc4MDA3MDQxOTI5Ni02NTJmNmYxMDQ2ZjJlLTE3Y2ZkY2JkLWVhZTAxNjhl","metadata":{"@type":"type.googleapis.com/google.cloud.functions.v1.OperationMetadataV1","target":"projects/sierra-blu/locations/us-central1/functions/collectData","type":"CREATE_FUNCTION","request":{"@type":"type.googleapis.com/google.cloud.functions.v1.CloudFunction","name":"projects/sierra-blu/locations/us-central1/functions/collectData","httpsTrigger":{"securityLevel":"SECURE_ALWAYS"},"entryPoint":"collectData","updateTime":"1970-01-01T00:00:00Z","labels":{"deployment-tool":"cli-firebase","firebase-functions-hash":"38e7f07d48eb845ee88a164f82999223c79ae416"},"sourceUploadUrl":"https://storage.googleapis.com/uploads-709696472200.us-central1.cloudfunctions.appspot.com/4000559b-59dd-4d3c-a9b5-d3b967c3b061.zip?GoogleAccessId=service-941030513456@gcf-admin-robot.iam.gserviceaccount.com&Expires=1780072216&Signature=jjxwLG10DliTl9Af7gkQ4n3FEyImDGqlE%2FQ5W6vaPifPfxnZGYx2uetYUGaLZclZEWuruSHR2QHz7lC0BnNBYB7K%2BUFeoBTXHW2UJBKzB%2FAwWvLufrfDvh%2BLiW%2FpqzFkA1u5kSn%2FyM6rtC6OGSw63wcdoGL%2FSWzzjFlUdRoDWPF9TeS5J9%2B%2BsOFEPn9SPBkHi4mSjVPNSlbOX0KenEd7QlKpcZueIvkDr3Yz71WVw9q12fpJOJNmSaPZoGvIRx5%2FnlY%2B3mMQdido2wz3iWjRunAhrJ%2B1AwkFJH7tZmzoOMD9OJA33Ja2Tymt7zthIJcVOrLaUcTAEKZcH%2ByCA9WkiA%3D%3D","environmentVariables":{"FIREBASE_CONFIG":"{\"projectId\":\"sierra-blu\",\"storageBucket\":\"sierra-blu.firebasestorage.app\"}","GCLOUD_PROJECT":"sierra-blu","EVENTARC_CLOUD_EVENT_SOURCE":"projects/sierra-blu/locations/REGION_TBD/functions/collectData"},"runtime":"nodejs20","buildEnvironmentVariables":{"GOOGLE_NODE_RUN_SCRIPTS":""},"dockerRegistry":"ARTIFACT_REGISTRY"},"versionId":"1","updateTime":"2026-05-29T16:00:19.863263505Z","buildId":"d29f84df-ab93-4d32-9c5c-7113b7094405","buildName":"projects/941030513456/locations/us-central1/builds/d29f84df-ab93-4d32-9c5c-7113b7094405"}}
[debug] [2026-05-29T16:00:36.221Z] [create-default-us-central1-collectData] Retrying task index 0
[debug] [2026-05-29T16:00:36.221Z] Checked if tokens are valid: true, expires at: 1780073972496
[debug] [2026-05-29T16:00:36.222Z] Checked if tokens are valid: true, expires at: 1780073972496
[debug] [2026-05-29T16:00:36.222Z] >>> [apiv2][query] GET https://cloudfunctions.googleapis.com/v1/operations/cHJvamVjdHMvc2llcnJhLWJsdS9sb2NhdGlvbnMvdXMtY2VudHJhbDEvb3BlcmF0aW9ucy9vcGVyYXRpb24tMTc4MDA3MDQxOTI5Ni02NTJmNmYxMDQ2ZjJlLTE3Y2ZkY2JkLWVhZTAxNjhl [none]
[debug] [2026-05-29T16:00:36.596Z] <<< [apiv2][status] GET https://cloudfunctions.googleapis.com/v1/operations/cHJvamVjdHMvc2llcnJhLWJsdS9sb2NhdGlvbnMvdXMtY2VudHJhbDEvb3BlcmF0aW9ucy9vcGVyYXRpb24tMTc4MDA3MDQxOTI5Ni02NTJmNmYxMDQ2ZjJlLTE3Y2ZkY2JkLWVhZTAxNjhl 200
[debug] [2026-05-29T16:00:36.597Z] <<< [apiv2][body] GET https://cloudfunctions.googleapis.com/v1/operations/cHJvamVjdHMvc2llcnJhLWJsdS9sb2NhdGlvbnMvdXMtY2VudHJhbDEvb3BlcmF0aW9ucy9vcGVyYXRpb24tMTc4MDA3MDQxOTI5Ni02NTJmNmYxMDQ2ZjJlLTE3Y2ZkY2JkLWVhZTAxNjhl {"name":"operations/cHJvamVjdHMvc2llcnJhLWJsdS9sb2NhdGlvbnMvdXMtY2VudHJhbDEvb3BlcmF0aW9ucy9vcGVyYXRpb24tMTc4MDA3MDQxOTI5Ni02NTJmNmYxMDQ2ZjJlLTE3Y2ZkY2JkLWVhZTAxNjhl","metadata":{"@type":"type.googleapis.com/google.cloud.functions.v1.OperationMetadataV1","target":"projects/sierra-blu/locations/us-central1/functions/collectData","type":"CREATE_FUNCTION","request":{"@type":"type.googleapis.com/google.cloud.functions.v1.CloudFunction","name":"projects/sierra-blu/locations/us-central1/functions/collectData","httpsTrigger":{"securityLevel":"SECURE_ALWAYS"},"entryPoint":"collectData","updateTime":"1970-01-01T00:00:00Z","labels":{"deployment-tool":"cli-firebase","firebase-functions-hash":"38e7f07d48eb845ee88a164f82999223c79ae416"},"sourceUploadUrl":"https://storage.googleapis.com/uploads-709696472200.us-central1.cloudfunctions.appspot.com/4000559b-59dd-4d3c-a9b5-d3b967c3b061.zip?GoogleAccessId=service-941030513456@gcf-admin-robot.iam.gserviceaccount.com&Expires=1780072216&Signature=jjxwLG10DliTl9Af7gkQ4n3FEyImDGqlE%2FQ5W6vaPifPfxnZGYx2uetYUGaLZclZEWuruSHR2QHz7lC0BnNBYB7K%2BUFeoBTXHW2UJBKzB%2FAwWvLufrfDvh%2BLiW%2FpqzFkA1u5kSn%2FyM6rtC6OGSw63wcdoGL%2FSWzzjFlUdRoDWPF9TeS5J9%2B%2BsOFEPn9SPBkHi4mSjVPNSlbOX0KenEd7QlKpcZueIvkDr3Yz71WVw9q12fpJOJNmSaPZoGvIRx5%2FnlY%2B3mMQdido2wz3iWjRunAhrJ%2B1AwkFJH7tZmzoOMD9OJA33Ja2Tymt7zthIJcVOrLaUcTAEKZcH%2ByCA9WkiA%3D%3D","environmentVariables":{"FIREBASE_CONFIG":"{\"projectId\":\"sierra-blu\",\"storageBucket\":\"sierra-blu.firebasestorage.app\"}","GCLOUD_PROJECT":"sierra-blu","EVENTARC_CLOUD_EVENT_SOURCE":"projects/sierra-blu/locations/REGION_TBD/functions/collectData"},"runtime":"nodejs20","buildEnvironmentVariables":{"GOOGLE_NODE_RUN_SCRIPTS":""},"dockerRegistry":"ARTIFACT_REGISTRY"},"versionId":"1","updateTime":"2026-05-29T16:00:19.863263505Z","buildId":"d29f84df-ab93-4d32-9c5c-7113b7094405","buildName":"projects/941030513456/locations/us-central1/builds/d29f84df-ab93-4d32-9c5c-7113b7094405"}}
[debug] [2026-05-29T16:00:46.605Z] [create-default-us-central1-collectData] Retrying task index 0
[debug] [2026-05-29T16:00:46.606Z] Checked if tokens are valid: true, expires at: 1780073972496
[debug] [2026-05-29T16:00:46.606Z] Checked if tokens are valid: true, expires at: 1780073972496
[debug] [2026-05-29T16:00:46.606Z] >>> [apiv2][query] GET https://cloudfunctions.googleapis.com/v1/operations/cHJvamVjdHMvc2llcnJhLWJsdS9sb2NhdGlvbnMvdXMtY2VudHJhbDEvb3BlcmF0aW9ucy9vcGVyYXRpb24tMTc4MDA3MDQxOTI5Ni02NTJmNmYxMDQ2ZjJlLTE3Y2ZkY2JkLWVhZTAxNjhl [none]
[debug] [2026-05-29T16:00:46.942Z] <<< [apiv2][status] GET https://cloudfunctions.googleapis.com/v1/operations/cHJvamVjdHMvc2llcnJhLWJsdS9sb2NhdGlvbnMvdXMtY2VudHJhbDEvb3BlcmF0aW9ucy9vcGVyYXRpb24tMTc4MDA3MDQxOTI5Ni02NTJmNmYxMDQ2ZjJlLTE3Y2ZkY2JkLWVhZTAxNjhl 200
[debug] [2026-05-29T16:00:46.942Z] <<< [apiv2][body] GET https://cloudfunctions.googleapis.com/v1/operations/cHJvamVjdHMvc2llcnJhLWJsdS9sb2NhdGlvbnMvdXMtY2VudHJhbDEvb3BlcmF0aW9ucy9vcGVyYXRpb24tMTc4MDA3MDQxOTI5Ni02NTJmNmYxMDQ2ZjJlLTE3Y2ZkY2JkLWVhZTAxNjhl {"name":"operations/cHJvamVjdHMvc2llcnJhLWJsdS9sb2NhdGlvbnMvdXMtY2VudHJhbDEvb3BlcmF0aW9ucy9vcGVyYXRpb24tMTc4MDA3MDQxOTI5Ni02NTJmNmYxMDQ2ZjJlLTE3Y2ZkY2JkLWVhZTAxNjhl","metadata":{"@type":"type.googleapis.com/google.cloud.functions.v1.OperationMetadataV1","target":"projects/sierra-blu/locations/us-central1/functions/collectData","type":"CREATE_FUNCTION","request":{"@type":"type.googleapis.com/google.cloud.functions.v1.CloudFunction","name":"projects/sierra-blu/locations/us-central1/functions/collectData","httpsTrigger":{"securityLevel":"SECURE_ALWAYS"},"entryPoint":"collectData","updateTime":"1970-01-01T00:00:00Z","labels":{"deployment-tool":"cli-firebase","firebase-functions-hash":"38e7f07d48eb845ee88a164f82999223c79ae416"},"sourceUploadUrl":"https://storage.googleapis.com/uploads-709696472200.us-central1.cloudfunctions.appspot.com/4000559b-59dd-4d3c-a9b5-d3b967c3b061.zip?GoogleAccessId=service-941030513456@gcf-admin-robot.iam.gserviceaccount.com&Expires=1780072216&Signature=jjxwLG10DliTl9Af7gkQ4n3FEyImDGqlE%2FQ5W6vaPifPfxnZGYx2uetYUGaLZclZEWuruSHR2QHz7lC0BnNBYB7K%2BUFeoBTXHW2UJBKzB%2FAwWvLufrfDvh%2BLiW%2FpqzFkA1u5kSn%2FyM6rtC6OGSw63wcdoGL%2FSWzzjFlUdRoDWPF9TeS5J9%2B%2BsOFEPn9SPBkHi4mSjVPNSlbOX0KenEd7QlKpcZueIvkDr3Yz71WVw9q12fpJOJNmSaPZoGvIRx5%2FnlY%2B3mMQdido2wz3iWjRunAhrJ%2B1AwkFJH7tZmzoOMD9OJA33Ja2Tymt7zthIJcVOrLaUcTAEKZcH%2ByCA9WkiA%3D%3D","environmentVariables":{"FIREBASE_CONFIG":"{\"projectId\":\"sierra-blu\",\"storageBucket\":\"sierra-blu.firebasestorage.app\"}","GCLOUD_PROJECT":"sierra-blu","EVENTARC_CLOUD_EVENT_SOURCE":"projects/sierra-blu/locations/REGION_TBD/functions/collectData"},"runtime":"nodejs20","buildEnvironmentVariables":{"GOOGLE_NODE_RUN_SCRIPTS":""},"dockerRegistry":"ARTIFACT_REGISTRY"},"versionId":"1","updateTime":"2026-05-29T16:00:19.863263505Z","buildId":"d29f84df-ab93-4d32-9c5c-7113b7094405","buildName":"projects/941030513456/locations/us-central1/builds/d29f84df-ab93-4d32-9c5c-7113b7094405"}}
[debug] [2026-05-29T16:00:56.957Z] [create-default-us-central1-collectData] Retrying task index 0
[debug] [2026-05-29T16:00:56.958Z] Checked if tokens are valid: true, expires at: 1780073972496
[debug] [2026-05-29T16:00:56.958Z] Checked if tokens are valid: true, expires at: 1780073972496
[debug] [2026-05-29T16:00:56.958Z] >>> [apiv2][query] GET https://cloudfunctions.googleapis.com/v1/operations/cHJvamVjdHMvc2llcnJhLWJsdS9sb2NhdGlvbnMvdXMtY2VudHJhbDEvb3BlcmF0aW9ucy9vcGVyYXRpb24tMTc4MDA3MDQxOTI5Ni02NTJmNmYxMDQ2ZjJlLTE3Y2ZkY2JkLWVhZTAxNjhl [none]
[debug] [2026-05-29T16:00:57.410Z] <<< [apiv2][status] GET https://cloudfunctions.googleapis.com/v1/operations/cHJvamVjdHMvc2llcnJhLWJsdS9sb2NhdGlvbnMvdXMtY2VudHJhbDEvb3BlcmF0aW9ucy9vcGVyYXRpb24tMTc4MDA3MDQxOTI5Ni02NTJmNmYxMDQ2ZjJlLTE3Y2ZkY2JkLWVhZTAxNjhl 200
[debug] [2026-05-29T16:00:57.410Z] <<< [apiv2][body] GET https://cloudfunctions.googleapis.com/v1/operations/cHJvamVjdHMvc2llcnJhLWJsdS9sb2NhdGlvbnMvdXMtY2VudHJhbDEvb3BlcmF0aW9ucy9vcGVyYXRpb24tMTc4MDA3MDQxOTI5Ni02NTJmNmYxMDQ2ZjJlLTE3Y2ZkY2JkLWVhZTAxNjhl {"name":"operations/cHJvamVjdHMvc2llcnJhLWJsdS9sb2NhdGlvbnMvdXMtY2VudHJhbDEvb3BlcmF0aW9ucy9vcGVyYXRpb24tMTc4MDA3MDQxOTI5Ni02NTJmNmYxMDQ2ZjJlLTE3Y2ZkY2JkLWVhZTAxNjhl","metadata":{"@type":"type.googleapis.com/google.cloud.functions.v1.OperationMetadataV1","target":"projects/sierra-blu/locations/us-central1/functions/collectData","type":"CREATE_FUNCTION","request":{"@type":"type.googleapis.com/google.cloud.functions.v1.CloudFunction","name":"projects/sierra-blu/locations/us-central1/functions/collectData","httpsTrigger":{"securityLevel":"SECURE_ALWAYS"},"entryPoint":"collectData","updateTime":"1970-01-01T00:00:00Z","labels":{"deployment-tool":"cli-firebase","firebase-functions-hash":"38e7f07d48eb845ee88a164f82999223c79ae416"},"sourceUploadUrl":"https://storage.googleapis.com/uploads-709696472200.us-central1.cloudfunctions.appspot.com/4000559b-59dd-4d3c-a9b5-d3b967c3b061.zip?GoogleAccessId=service-941030513456@gcf-admin-robot.iam.gserviceaccount.com&Expires=1780072216&Signature=jjxwLG10DliTl9Af7gkQ4n3FEyImDGqlE%2FQ5W6vaPifPfxnZGYx2uetYUGaLZclZEWuruSHR2QHz7lC0BnNBYB7K%2BUFeoBTXHW2UJBKzB%2FAwWvLufrfDvh%2BLiW%2FpqzFkA1u5kSn%2FyM6rtC6OGSw63wcdoGL%2FSWzzjFlUdRoDWPF9TeS5J9%2B%2BsOFEPn9SPBkHi4mSjVPNSlbOX0KenEd7QlKpcZueIvkDr3Yz71WVw9q12fpJOJNmSaPZoGvIRx5%2FnlY%2B3mMQdido2wz3iWjRunAhrJ%2B1AwkFJH7tZmzoOMD9OJA33Ja2Tymt7zthIJcVOrLaUcTAEKZcH%2ByCA9WkiA%3D%3D","environmentVariables":{"FIREBASE_CONFIG":"{\"projectId\":\"sierra-blu\",\"storageBucket\":\"sierra-blu.firebasestorage.app\"}","GCLOUD_PROJECT":"sierra-blu","EVENTARC_CLOUD_EVENT_SOURCE":"projects/sierra-blu/locations/REGION_TBD/functions/collectData"},"runtime":"nodejs20","buildEnvironmentVariables":{"GOOGLE_NODE_RUN_SCRIPTS":""},"dockerRegistry":"ARTIFACT_REGISTRY"},"versionId":"1","updateTime":"2026-05-29T16:00:50.364051159Z","buildId":"d29f84df-ab93-4d32-9c5c-7113b7094405","buildName":"projects/941030513456/locations/us-central1/builds/d29f84df-ab93-4d32-9c5c-7113b7094405"},"done":true,"error":{"code":3,"message":"Gen1 operation for function projects/sierra-blu/locations/us-central1/functions/collectData failed: Build failed: Access to bucket gcf-sources-941030513456-us-central1 denied. You must grant Storage Object Viewer permission to 941030513456-compute@developer.gserviceaccount.com. If you are using VPC Service Controls, you must also grant it access to your service perimeter.\n."}}
[debug] [2026-05-29T16:00:57.410Z] Got source token undefined for region us-central1
[debug] [2026-05-29T16:00:57.410Z] Checked if tokens are valid: true, expires at: 1780073972496
[debug] [2026-05-29T16:00:57.410Z] Checked if tokens are valid: true, expires at: 1780073972496
[debug] [2026-05-29T16:00:57.410Z] >>> [apiv2][query] POST https://cloudfunctions.googleapis.com/v1/projects/sierra-blu/locations/us-central1/functions [none]
[debug] [2026-05-29T16:00:57.410Z] >>> [apiv2][body] POST https://cloudfunctions.googleapis.com/v1/projects/sierra-blu/locations/us-central1/functions {"name":"projects/sierra-blu/locations/us-central1/functions/processDataForApp","sourceUploadUrl":"https://storage.googleapis.com/uploads-709696472200.us-central1.cloudfunctions.appspot.com/4000559b-59dd-4d3c-a9b5-d3b967c3b061.zip?GoogleAccessId=service-941030513456@gcf-admin-robot.iam.gserviceaccount.com&Expires=1780072216&Signature=jjxwLG10DliTl9Af7gkQ4n3FEyImDGqlE%2FQ5W6vaPifPfxnZGYx2uetYUGaLZclZEWuruSHR2QHz7lC0BnNBYB7K%2BUFeoBTXHW2UJBKzB%2FAwWvLufrfDvh%2BLiW%2FpqzFkA1u5kSn%2FyM6rtC6OGSw63wcdoGL%2FSWzzjFlUdRoDWPF9TeS5J9%2B%2BsOFEPn9SPBkHi4mSjVPNSlbOX0KenEd7QlKpcZueIvkDr3Yz71WVw9q12fpJOJNmSaPZoGvIRx5%2FnlY%2B3mMQdido2wz3iWjRunAhrJ%2B1AwkFJH7tZmzoOMD9OJA33Ja2Tymt7zthIJcVOrLaUcTAEKZcH%2ByCA9WkiA%3D%3D","entryPoint":"processDataForApp","runtime":"nodejs20","dockerRegistry":"ARTIFACT_REGISTRY","labels":{"deployment-tool":"cli-firebase","firebase-functions-hash":"38e7f07d48eb845ee88a164f82999223c79ae416"},"eventTrigger":{"eventType":"providers/cloud.firestore/eventTypes/document.create","resource":"projects/sierra-blu/databases/(default)/documents/rawScrapeData/{docId}"},"minInstances":null,"maxInstances":null,"ingressSettings":null,"environmentVariables":{"FIREBASE_CONFIG":"{\"projectId\":\"sierra-blu\",\"storageBucket\":\"sierra-blu.firebasestorage.app\"}","GCLOUD_PROJECT":"sierra-blu","EVENTARC_CLOUD_EVENT_SOURCE":"projects/sierra-blu/locations/REGION_TBD/functions/processDataForApp"},"serviceAccountEmail":null,"availableMemoryMb":null,"timeout":null,"vpcConnector":null,"vpcConnectorEgressSettings":null,"buildEnvironmentVariables":{"GOOGLE_NODE_RUN_SCRIPTS":""}}
[error] Gen1 operation for function projects/sierra-blu/locations/us-central1/functions/collectData failed: Build failed: Access to bucket gcf-sources-941030513456-us-central1 denied. You must grant Storage Object Viewer permission to 941030513456-compute@developer.gserviceaccount.com. If you are using VPC Service Controls, you must also grant it access to your service perimeter.
.
[debug] [2026-05-29T16:00:58.161Z] <<< [apiv2][status] POST https://cloudfunctions.googleapis.com/v1/projects/sierra-blu/locations/us-central1/functions 200
[debug] [2026-05-29T16:00:58.161Z] <<< [apiv2][body] POST https://cloudfunctions.googleapis.com/v1/projects/sierra-blu/locations/us-central1/functions {"name":"operations/cHJvamVjdHMvc2llcnJhLWJsdS9sb2NhdGlvbnMvdXMtY2VudHJhbDEvb3BlcmF0aW9ucy9vcGVyYXRpb24tMTc4MDA3MDQ1ODI4OC02NTJmNmYzNTc2YThiLWYwMDQ4NzVhLTk0OTFkYTdl","metadata":{"@type":"type.googleapis.com/google.cloud.functions.v1.OperationMetadataV1","target":"projects/sierra-blu/locations/us-central1/functions/processDataForApp","updateTime":"2026-05-29T16:00:58.767804480Z"}}
[debug] [2026-05-29T16:00:58.162Z] Checked if tokens are valid: true, expires at: 1780073972496
[debug] [2026-05-29T16:00:58.162Z] Checked if tokens are valid: true, expires at: 1780073972496
[debug] [2026-05-29T16:00:58.162Z] >>> [apiv2][query] GET https://cloudfunctions.googleapis.com/v1/operations/cHJvamVjdHMvc2llcnJhLWJsdS9sb2NhdGlvbnMvdXMtY2VudHJhbDEvb3BlcmF0aW9ucy9vcGVyYXRpb24tMTc4MDA3MDQ1ODI4OC02NTJmNmYzNTc2YThiLWYwMDQ4NzVhLTk0OTFkYTdl [none]
[debug] [2026-05-29T16:00:58.405Z] <<< [apiv2][status] GET https://cloudfunctions.googleapis.com/v1/operations/cHJvamVjdHMvc2llcnJhLWJsdS9sb2NhdGlvbnMvdXMtY2VudHJhbDEvb3BlcmF0aW9ucy9vcGVyYXRpb24tMTc4MDA3MDQ1ODI4OC02NTJmNmYzNTc2YThiLWYwMDQ4NzVhLTk0OTFkYTdl 200
[debug] [2026-05-29T16:00:58.405Z] <<< [apiv2][body] GET https://cloudfunctions.googleapis.com/v1/operations/cHJvamVjdHMvc2llcnJhLWJsdS9sb2NhdGlvbnMvdXMtY2VudHJhbDEvb3BlcmF0aW9ucy9vcGVyYXRpb24tMTc4MDA3MDQ1ODI4OC02NTJmNmYzNTc2YThiLWYwMDQ4NzVhLTk0OTFkYTdl {"name":"operations/cHJvamVjdHMvc2llcnJhLWJsdS9sb2NhdGlvbnMvdXMtY2VudHJhbDEvb3BlcmF0aW9ucy9vcGVyYXRpb24tMTc4MDA3MDQ1ODI4OC02NTJmNmYzNTc2YThiLWYwMDQ4NzVhLTk0OTFkYTdl","metadata":{"@type":"type.googleapis.com/google.cloud.functions.v1.OperationMetadataV1","target":"projects/sierra-blu/locations/us-central1/functions/processDataForApp","updateTime":"2026-05-29T16:00:58.767804480Z"}}
[debug] [2026-05-29T16:00:58.907Z] [create-default-us-central1-processDataForApp] Retrying task index 0
[debug] [2026-05-29T16:00:58.907Z] Checked if tokens are valid: true, expires at: 1780073972496
[debug] [2026-05-29T16:00:58.907Z] Checked if tokens are valid: true, expires at: 1780073972496
[debug] [2026-05-29T16:00:58.907Z] >>> [apiv2][query] GET https://cloudfunctions.googleapis.com/v1/operations/cHJvamVjdHMvc2llcnJhLWJsdS9sb2NhdGlvbnMvdXMtY2VudHJhbDEvb3BlcmF0aW9ucy9vcGVyYXRpb24tMTc4MDA3MDQ1ODI4OC02NTJmNmYzNTc2YThiLWYwMDQ4NzVhLTk0OTFkYTdl [none]
[debug] [2026-05-29T16:00:59.193Z] <<< [apiv2][status] GET https://cloudfunctions.googleapis.com/v1/operations/cHJvamVjdHMvc2llcnJhLWJsdS9sb2NhdGlvbnMvdXMtY2VudHJhbDEvb3BlcmF0aW9ucy9vcGVyYXRpb24tMTc4MDA3MDQ1ODI4OC02NTJmNmYzNTc2YThiLWYwMDQ4NzVhLTk0OTFkYTdl 200
[debug] [2026-05-29T16:00:59.193Z] <<< [apiv2][body] GET https://cloudfunctions.googleapis.com/v1/operations/cHJvamVjdHMvc2llcnJhLWJsdS9sb2NhdGlvbnMvdXMtY2VudHJhbDEvb3BlcmF0aW9ucy9vcGVyYXRpb24tMTc4MDA3MDQ1ODI4OC02NTJmNmYzNTc2YThiLWYwMDQ4NzVhLTk0OTFkYTdl {"name":"operations/cHJvamVjdHMvc2llcnJhLWJsdS9sb2NhdGlvbnMvdXMtY2VudHJhbDEvb3BlcmF0aW9ucy9vcGVyYXRpb24tMTc4MDA3MDQ1ODI4OC02NTJmNmYzNTc2YThiLWYwMDQ4NzVhLTk0OTFkYTdl","metadata":{"@type":"type.googleapis.com/google.cloud.functions.v1.OperationMetadataV1","target":"projects/sierra-blu/locations/us-central1/functions/processDataForApp","type":"CREATE_FUNCTION","request":{"@type":"type.googleapis.com/google.cloud.functions.v1.CloudFunction","name":"projects/sierra-blu/locations/us-central1/functions/processDataForApp","eventTrigger":{"eventType":"providers/cloud.firestore/eventTypes/document.create","resource":"projects/sierra-blu/databases/(default)/documents/rawScrapeData/{docId}","failurePolicy":{}},"entryPoint":"processDataForApp","updateTime":"1970-01-01T00:00:00Z","labels":{"deployment-tool":"cli-firebase","firebase-functions-hash":"38e7f07d48eb845ee88a164f82999223c79ae416"},"sourceUploadUrl":"https://storage.googleapis.com/uploads-709696472200.us-central1.cloudfunctions.appspot.com/4000559b-59dd-4d3c-a9b5-d3b967c3b061.zip?GoogleAccessId=service-941030513456@gcf-admin-robot.iam.gserviceaccount.com&Expires=1780072216&Signature=jjxwLG10DliTl9Af7gkQ4n3FEyImDGqlE%2FQ5W6vaPifPfxnZGYx2uetYUGaLZclZEWuruSHR2QHz7lC0BnNBYB7K%2BUFeoBTXHW2UJBKzB%2FAwWvLufrfDvh%2BLiW%2FpqzFkA1u5kSn%2FyM6rtC6OGSw63wcdoGL%2FSWzzjFlUdRoDWPF9TeS5J9%2B%2BsOFEPn9SPBkHi4mSjVPNSlbOX0KenEd7QlKpcZueIvkDr3Yz71WVw9q12fpJOJNmSaPZoGvIRx5%2FnlY%2B3mMQdido2wz3iWjRunAhrJ%2B1AwkFJH7tZmzoOMD9OJA33Ja2Tymt7zthIJcVOrLaUcTAEKZcH%2ByCA9WkiA%3D%3D","environmentVariables":{"FIREBASE_CONFIG":"{\"projectId\":\"sierra-blu\",\"storageBucket\":\"sierra-blu.firebasestorage.app\"}","GCLOUD_PROJECT":"sierra-blu","EVENTARC_CLOUD_EVENT_SOURCE":"projects/sierra-blu/locations/REGION_TBD/functions/processDataForApp"},"runtime":"nodejs20","buildEnvironmentVariables":{"GOOGLE_NODE_RUN_SCRIPTS":""},"dockerRegistry":"ARTIFACT_REGISTRY"},"versionId":"1","updateTime":"2026-05-29T16:00:58.767804480Z"}}
[debug] [2026-05-29T16:01:00.193Z] [create-default-us-central1-processDataForApp] Retrying task index 0
[debug] [2026-05-29T16:01:00.193Z] Checked if tokens are valid: true, expires at: 1780073972496
[debug] [2026-05-29T16:01:00.194Z] Checked if tokens are valid: true, expires at: 1780073972496
[debug] [2026-05-29T16:01:00.194Z] >>> [apiv2][query] GET https://cloudfunctions.googleapis.com/v1/operations/cHJvamVjdHMvc2llcnJhLWJsdS9sb2NhdGlvbnMvdXMtY2VudHJhbDEvb3BlcmF0aW9ucy9vcGVyYXRpb24tMTc4MDA3MDQ1ODI4OC02NTJmNmYzNTc2YThiLWYwMDQ4NzVhLTk0OTFkYTdl [none]
[debug] [2026-05-29T16:01:00.447Z] <<< [apiv2][status] GET https://cloudfunctions.googleapis.com/v1/operations/cHJvamVjdHMvc2llcnJhLWJsdS9sb2NhdGlvbnMvdXMtY2VudHJhbDEvb3BlcmF0aW9ucy9vcGVyYXRpb24tMTc4MDA3MDQ1ODI4OC02NTJmNmYzNTc2YThiLWYwMDQ4NzVhLTk0OTFkYTdl 200
[debug] [2026-05-29T16:01:00.447Z] <<< [apiv2][body] GET https://cloudfunctions.googleapis.com/v1/operations/cHJvamVjdHMvc2llcnJhLWJsdS9sb2NhdGlvbnMvdXMtY2VudHJhbDEvb3BlcmF0aW9ucy9vcGVyYXRpb24tMTc4MDA3MDQ1ODI4OC02NTJmNmYzNTc2YThiLWYwMDQ4NzVhLTk0OTFkYTdl {"name":"operations/cHJvamVjdHMvc2llcnJhLWJsdS9sb2NhdGlvbnMvdXMtY2VudHJhbDEvb3BlcmF0aW9ucy9vcGVyYXRpb24tMTc4MDA3MDQ1ODI4OC02NTJmNmYzNTc2YThiLWYwMDQ4NzVhLTk0OTFkYTdl","metadata":{"@type":"type.googleapis.com/google.cloud.functions.v1.OperationMetadataV1","target":"projects/sierra-blu/locations/us-central1/functions/processDataForApp","type":"CREATE_FUNCTION","request":{"@type":"type.googleapis.com/google.cloud.functions.v1.CloudFunction","name":"projects/sierra-blu/locations/us-central1/functions/processDataForApp","eventTrigger":{"eventType":"providers/cloud.firestore/eventTypes/document.create","resource":"projects/sierra-blu/databases/(default)/documents/rawScrapeData/{docId}","failurePolicy":{}},"entryPoint":"processDataForApp","updateTime":"1970-01-01T00:00:00Z","labels":{"deployment-tool":"cli-firebase","firebase-functions-hash":"38e7f07d48eb845ee88a164f82999223c79ae416"},"sourceUploadUrl":"https://storage.googleapis.com/uploads-709696472200.us-central1.cloudfunctions.appspot.com/4000559b-59dd-4d3c-a9b5-d3b967c3b061.zip?GoogleAccessId=service-941030513456@gcf-admin-robot.iam.gserviceaccount.com&Expires=1780072216&Signature=jjxwLG10DliTl9Af7gkQ4n3FEyImDGqlE%2FQ5W6vaPifPfxnZGYx2uetYUGaLZclZEWuruSHR2QHz7lC0BnNBYB7K%2BUFeoBTXHW2UJBKzB%2FAwWvLufrfDvh%2BLiW%2FpqzFkA1u5kSn%2FyM6rtC6OGSw63wcdoGL%2FSWzzjFlUdRoDWPF9TeS5J9%2B%2BsOFEPn9SPBkHi4mSjVPNSlbOX0KenEd7QlKpcZueIvkDr3Yz71WVw9q12fpJOJNmSaPZoGvIRx5%2FnlY%2B3mMQdido2wz3iWjRunAhrJ%2B1AwkFJH7tZmzoOMD9OJA33Ja2Tymt7zthIJcVOrLaUcTAEKZcH%2ByCA9WkiA%3D%3D","environmentVariables":{"FIREBASE_CONFIG":"{\"projectId\":\"sierra-blu\",\"storageBucket\":\"sierra-blu.firebasestorage.app\"}","GCLOUD_PROJECT":"sierra-blu","EVENTARC_CLOUD_EVENT_SOURCE":"projects/sierra-blu/locations/REGION_TBD/functions/processDataForApp"},"runtime":"nodejs20","buildEnvironmentVariables":{"GOOGLE_NODE_RUN_SCRIPTS":""},"dockerRegistry":"ARTIFACT_REGISTRY"},"versionId":"1","updateTime":"2026-05-29T16:00:58.767804480Z"}}
[debug] [2026-05-29T16:01:02.448Z] [create-default-us-central1-processDataForApp] Retrying task index 0
[debug] [2026-05-29T16:01:02.448Z] Checked if tokens are valid: true, expires at: 1780073972496
[debug] [2026-05-29T16:01:02.448Z] Checked if tokens are valid: true, expires at: 1780073972496
[debug] [2026-05-29T16:01:02.448Z] >>> [apiv2][query] GET https://cloudfunctions.googleapis.com/v1/operations/cHJvamVjdHMvc2llcnJhLWJsdS9sb2NhdGlvbnMvdXMtY2VudHJhbDEvb3BlcmF0aW9ucy9vcGVyYXRpb24tMTc4MDA3MDQ1ODI4OC02NTJmNmYzNTc2YThiLWYwMDQ4NzVhLTk0OTFkYTdl [none]
[debug] [2026-05-29T16:01:02.758Z] <<< [apiv2][status] GET https://cloudfunctions.googleapis.com/v1/operations/cHJvamVjdHMvc2llcnJhLWJsdS9sb2NhdGlvbnMvdXMtY2VudHJhbDEvb3BlcmF0aW9ucy9vcGVyYXRpb24tMTc4MDA3MDQ1ODI4OC02NTJmNmYzNTc2YThiLWYwMDQ4NzVhLTk0OTFkYTdl 200
[debug] [2026-05-29T16:01:02.758Z] <<< [apiv2][body] GET https://cloudfunctions.googleapis.com/v1/operations/cHJvamVjdHMvc2llcnJhLWJsdS9sb2NhdGlvbnMvdXMtY2VudHJhbDEvb3BlcmF0aW9ucy9vcGVyYXRpb24tMTc4MDA3MDQ1ODI4OC02NTJmNmYzNTc2YThiLWYwMDQ4NzVhLTk0OTFkYTdl {"name":"operations/cHJvamVjdHMvc2llcnJhLWJsdS9sb2NhdGlvbnMvdXMtY2VudHJhbDEvb3BlcmF0aW9ucy9vcGVyYXRpb24tMTc4MDA3MDQ1ODI4OC02NTJmNmYzNTc2YThiLWYwMDQ4NzVhLTk0OTFkYTdl","metadata":{"@type":"type.googleapis.com/google.cloud.functions.v1.OperationMetadataV1","target":"projects/sierra-blu/locations/us-central1/functions/processDataForApp","type":"CREATE_FUNCTION","request":{"@type":"type.googleapis.com/google.cloud.functions.v1.CloudFunction","name":"projects/sierra-blu/locations/us-central1/functions/processDataForApp","eventTrigger":{"eventType":"providers/cloud.firestore/eventTypes/document.create","resource":"projects/sierra-blu/databases/(default)/documents/rawScrapeData/{docId}","failurePolicy":{}},"entryPoint":"processDataForApp","updateTime":"1970-01-01T00:00:00Z","labels":{"deployment-tool":"cli-firebase","firebase-functions-hash":"38e7f07d48eb845ee88a164f82999223c79ae416"},"sourceUploadUrl":"https://storage.googleapis.com/uploads-709696472200.us-central1.cloudfunctions.appspot.com/4000559b-59dd-4d3c-a9b5-d3b967c3b061.zip?GoogleAccessId=service-941030513456@gcf-admin-robot.iam.gserviceaccount.com&Expires=1780072216&Signature=jjxwLG10DliTl9Af7gkQ4n3FEyImDGqlE%2FQ5W6vaPifPfxnZGYx2uetYUGaLZclZEWuruSHR2QHz7lC0BnNBYB7K%2BUFeoBTXHW2UJBKzB%2FAwWvLufrfDvh%2BLiW%2FpqzFkA1u5kSn%2FyM6rtC6OGSw63wcdoGL%2FSWzzjFlUdRoDWPF9TeS5J9%2B%2BsOFEPn9SPBkHi4mSjVPNSlbOX0KenEd7QlKpcZueIvkDr3Yz71WVw9q12fpJOJNmSaPZoGvIRx5%2FnlY%2B3mMQdido2wz3iWjRunAhrJ%2B1AwkFJH7tZmzoOMD9OJA33Ja2Tymt7zthIJcVOrLaUcTAEKZcH%2ByCA9WkiA%3D%3D","environmentVariables":{"FIREBASE_CONFIG":"{\"projectId\":\"sierra-blu\",\"storageBucket\":\"sierra-blu.firebasestorage.app\"}","GCLOUD_PROJECT":"sierra-blu","EVENTARC_CLOUD_EVENT_SOURCE":"projects/sierra-blu/locations/REGION_TBD/functions/processDataForApp"},"runtime":"nodejs20","buildEnvironmentVariables":{"GOOGLE_NODE_RUN_SCRIPTS":""},"dockerRegistry":"ARTIFACT_REGISTRY"},"versionId":"1","updateTime":"2026-05-29T16:00:58.767804480Z","buildId":"18e44ed6-0b57-4769-9d22-4390b39ffce6","buildName":"projects/941030513456/locations/us-central1/builds/18e44ed6-0b57-4769-9d22-4390b39ffce6"}}
[debug] [2026-05-29T16:01:06.771Z] [create-default-us-central1-processDataForApp] Retrying task index 0
[debug] [2026-05-29T16:01:06.771Z] Checked if tokens are valid: true, expires at: 1780073972496
[debug] [2026-05-29T16:01:06.771Z] Checked if tokens are valid: true, expires at: 1780073972496
[debug] [2026-05-29T16:01:06.771Z] >>> [apiv2][query] GET https://cloudfunctions.googleapis.com/v1/operations/cHJvamVjdHMvc2llcnJhLWJsdS9sb2NhdGlvbnMvdXMtY2VudHJhbDEvb3BlcmF0aW9ucy9vcGVyYXRpb24tMTc4MDA3MDQ1ODI4OC02NTJmNmYzNTc2YThiLWYwMDQ4NzVhLTk0OTFkYTdl [none]
[debug] [2026-05-29T16:01:07.255Z] <<< [apiv2][status] GET https://cloudfunctions.googleapis.com/v1/operations/cHJvamVjdHMvc2llcnJhLWJsdS9sb2NhdGlvbnMvdXMtY2VudHJhbDEvb3BlcmF0aW9ucy9vcGVyYXRpb24tMTc4MDA3MDQ1ODI4OC02NTJmNmYzNTc2YThiLWYwMDQ4NzVhLTk0OTFkYTdl 200
[debug] [2026-05-29T16:01:07.255Z] <<< [apiv2][body] GET https://cloudfunctions.googleapis.com/v1/operations/cHJvamVjdHMvc2llcnJhLWJsdS9sb2NhdGlvbnMvdXMtY2VudHJhbDEvb3BlcmF0aW9ucy9vcGVyYXRpb24tMTc4MDA3MDQ1ODI4OC02NTJmNmYzNTc2YThiLWYwMDQ4NzVhLTk0OTFkYTdl {"name":"operations/cHJvamVjdHMvc2llcnJhLWJsdS9sb2NhdGlvbnMvdXMtY2VudHJhbDEvb3BlcmF0aW9ucy9vcGVyYXRpb24tMTc4MDA3MDQ1ODI4OC02NTJmNmYzNTc2YThiLWYwMDQ4NzVhLTk0OTFkYTdl","metadata":{"@type":"type.googleapis.com/google.cloud.functions.v1.OperationMetadataV1","target":"projects/sierra-blu/locations/us-central1/functions/processDataForApp","type":"CREATE_FUNCTION","request":{"@type":"type.googleapis.com/google.cloud.functions.v1.CloudFunction","name":"projects/sierra-blu/locations/us-central1/functions/processDataForApp","eventTrigger":{"eventType":"providers/cloud.firestore/eventTypes/document.create","resource":"projects/sierra-blu/databases/(default)/documents/rawScrapeData/{docId}","failurePolicy":{}},"entryPoint":"processDataForApp","updateTime":"1970-01-01T00:00:00Z","labels":{"deployment-tool":"cli-firebase","firebase-functions-hash":"38e7f07d48eb845ee88a164f82999223c79ae416"},"sourceUploadUrl":"https://storage.googleapis.com/uploads-709696472200.us-central1.cloudfunctions.appspot.com/4000559b-59dd-4d3c-a9b5-d3b967c3b061.zip?GoogleAccessId=service-941030513456@gcf-admin-robot.iam.gserviceaccount.com&Expires=1780072216&Signature=jjxwLG10DliTl9Af7gkQ4n3FEyImDGqlE%2FQ5W6vaPifPfxnZGYx2uetYUGaLZclZEWuruSHR2QHz7lC0BnNBYB7K%2BUFeoBTXHW2UJBKzB%2FAwWvLufrfDvh%2BLiW%2FpqzFkA1u5kSn%2FyM6rtC6OGSw63wcdoGL%2FSWzzjFlUdRoDWPF9TeS5J9%2B%2BsOFEPn9SPBkHi4mSjVPNSlbOX0KenEd7QlKpcZueIvkDr3Yz71WVw9q12fpJOJNmSaPZoGvIRx5%2FnlY%2B3mMQdido2wz3iWjRunAhrJ%2B1AwkFJH7tZmzoOMD9OJA33Ja2Tymt7zthIJcVOrLaUcTAEKZcH%2ByCA9WkiA%3D%3D","environmentVariables":{"FIREBASE_CONFIG":"{\"projectId\":\"sierra-blu\",\"storageBucket\":\"sierra-blu.firebasestorage.app\"}","GCLOUD_PROJECT":"sierra-blu","EVENTARC_CLOUD_EVENT_SOURCE":"projects/sierra-blu/locations/REGION_TBD/functions/processDataForApp"},"runtime":"nodejs20","buildEnvironmentVariables":{"GOOGLE_NODE_RUN_SCRIPTS":""},"dockerRegistry":"ARTIFACT_REGISTRY"},"versionId":"1","updateTime":"2026-05-29T16:00:58.767804480Z","buildId":"18e44ed6-0b57-4769-9d22-4390b39ffce6","buildName":"projects/941030513456/locations/us-central1/builds/18e44ed6-0b57-4769-9d22-4390b39ffce6"}}
[debug] [2026-05-29T16:01:15.271Z] [create-default-us-central1-processDataForApp] Retrying task index 0
[debug] [2026-05-29T16:01:15.272Z] Checked if tokens are valid: true, expires at: 1780073972496
[debug] [2026-05-29T16:01:15.272Z] Checked if tokens are valid: true, expires at: 1780073972496
[debug] [2026-05-29T16:01:15.272Z] >>> [apiv2][query] GET https://cloudfunctions.googleapis.com/v1/operations/cHJvamVjdHMvc2llcnJhLWJsdS9sb2NhdGlvbnMvdXMtY2VudHJhbDEvb3BlcmF0aW9ucy9vcGVyYXRpb24tMTc4MDA3MDQ1ODI4OC02NTJmNmYzNTc2YThiLWYwMDQ4NzVhLTk0OTFkYTdl [none]
[debug] [2026-05-29T16:01:15.625Z] <<< [apiv2][status] GET https://cloudfunctions.googleapis.com/v1/operations/cHJvamVjdHMvc2llcnJhLWJsdS9sb2NhdGlvbnMvdXMtY2VudHJhbDEvb3BlcmF0aW9ucy9vcGVyYXRpb24tMTc4MDA3MDQ1ODI4OC02NTJmNmYzNTc2YThiLWYwMDQ4NzVhLTk0OTFkYTdl 200
[debug] [2026-05-29T16:01:15.626Z] <<< [apiv2][body] GET https://cloudfunctions.googleapis.com/v1/operations/cHJvamVjdHMvc2llcnJhLWJsdS9sb2NhdGlvbnMvdXMtY2VudHJhbDEvb3BlcmF0aW9ucy9vcGVyYXRpb24tMTc4MDA3MDQ1ODI4OC02NTJmNmYzNTc2YThiLWYwMDQ4NzVhLTk0OTFkYTdl {"name":"operations/cHJvamVjdHMvc2llcnJhLWJsdS9sb2NhdGlvbnMvdXMtY2VudHJhbDEvb3BlcmF0aW9ucy9vcGVyYXRpb24tMTc4MDA3MDQ1ODI4OC02NTJmNmYzNTc2YThiLWYwMDQ4NzVhLTk0OTFkYTdl","metadata":{"@type":"type.googleapis.com/google.cloud.functions.v1.OperationMetadataV1","target":"projects/sierra-blu/locations/us-central1/functions/processDataForApp","type":"CREATE_FUNCTION","request":{"@type":"type.googleapis.com/google.cloud.functions.v1.CloudFunction","name":"projects/sierra-blu/locations/us-central1/functions/processDataForApp","eventTrigger":{"eventType":"providers/cloud.firestore/eventTypes/document.create","resource":"projects/sierra-blu/databases/(default)/documents/rawScrapeData/{docId}","failurePolicy":{}},"entryPoint":"processDataForApp","updateTime":"1970-01-01T00:00:00Z","labels":{"deployment-tool":"cli-firebase","firebase-functions-hash":"38e7f07d48eb845ee88a164f82999223c79ae416"},"sourceUploadUrl":"https://storage.googleapis.com/uploads-709696472200.us-central1.cloudfunctions.appspot.com/4000559b-59dd-4d3c-a9b5-d3b967c3b061.zip?GoogleAccessId=service-941030513456@gcf-admin-robot.iam.gserviceaccount.com&Expires=1780072216&Signature=jjxwLG10DliTl9Af7gkQ4n3FEyImDGqlE%2FQ5W6vaPifPfxnZGYx2uetYUGaLZclZEWuruSHR2QHz7lC0BnNBYB7K%2BUFeoBTXHW2UJBKzB%2FAwWvLufrfDvh%2BLiW%2FpqzFkA1u5kSn%2FyM6rtC6OGSw63wcdoGL%2FSWzzjFlUdRoDWPF9TeS5J9%2B%2BsOFEPn9SPBkHi4mSjVPNSlbOX0KenEd7QlKpcZueIvkDr3Yz71WVw9q12fpJOJNmSaPZoGvIRx5%2FnlY%2B3mMQdido2wz3iWjRunAhrJ%2B1AwkFJH7tZmzoOMD9OJA33Ja2Tymt7zthIJcVOrLaUcTAEKZcH%2ByCA9WkiA%3D%3D","environmentVariables":{"FIREBASE_CONFIG":"{\"projectId\":\"sierra-blu\",\"storageBucket\":\"sierra-blu.firebasestorage.app\"}","GCLOUD_PROJECT":"sierra-blu","EVENTARC_CLOUD_EVENT_SOURCE":"projects/sierra-blu/locations/REGION_TBD/functions/processDataForApp"},"runtime":"nodejs20","buildEnvironmentVariables":{"GOOGLE_NODE_RUN_SCRIPTS":""},"dockerRegistry":"ARTIFACT_REGISTRY"},"versionId":"1","updateTime":"2026-05-29T16:00:58.767804480Z","buildId":"18e44ed6-0b57-4769-9d22-4390b39ffce6","buildName":"projects/941030513456/locations/us-central1/builds/18e44ed6-0b57-4769-9d22-4390b39ffce6"}}
[debug] [2026-05-29T16:01:25.635Z] [create-default-us-central1-processDataForApp] Retrying task index 0
[debug] [2026-05-29T16:01:25.636Z] Checked if tokens are valid: true, expires at: 1780073972496
[debug] [2026-05-29T16:01:25.636Z] Checked if tokens are valid: true, expires at: 1780073972496
[debug] [2026-05-29T16:01:25.636Z] >>> [apiv2][query] GET https://cloudfunctions.googleapis.com/v1/operations/cHJvamVjdHMvc2llcnJhLWJsdS9sb2NhdGlvbnMvdXMtY2VudHJhbDEvb3BlcmF0aW9ucy9vcGVyYXRpb24tMTc4MDA3MDQ1ODI4OC02NTJmNmYzNTc2YThiLWYwMDQ4NzVhLTk0OTFkYTdl [none]
[debug] [2026-05-29T16:01:26.000Z] <<< [apiv2][status] GET https://cloudfunctions.googleapis.com/v1/operations/cHJvamVjdHMvc2llcnJhLWJsdS9sb2NhdGlvbnMvdXMtY2VudHJhbDEvb3BlcmF0aW9ucy9vcGVyYXRpb24tMTc4MDA3MDQ1ODI4OC02NTJmNmYzNTc2YThiLWYwMDQ4NzVhLTk0OTFkYTdl 200
[debug] [2026-05-29T16:01:26.000Z] <<< [apiv2][body] GET https://cloudfunctions.googleapis.com/v1/operations/cHJvamVjdHMvc2llcnJhLWJsdS9sb2NhdGlvbnMvdXMtY2VudHJhbDEvb3BlcmF0aW9ucy9vcGVyYXRpb24tMTc4MDA3MDQ1ODI4OC02NTJmNmYzNTc2YThiLWYwMDQ4NzVhLTk0OTFkYTdl {"name":"operations/cHJvamVjdHMvc2llcnJhLWJsdS9sb2NhdGlvbnMvdXMtY2VudHJhbDEvb3BlcmF0aW9ucy9vcGVyYXRpb24tMTc4MDA3MDQ1ODI4OC02NTJmNmYzNTc2YThiLWYwMDQ4NzVhLTk0OTFkYTdl","metadata":{"@type":"type.googleapis.com/google.cloud.functions.v1.OperationMetadataV1","target":"projects/sierra-blu/locations/us-central1/functions/processDataForApp","type":"CREATE_FUNCTION","request":{"@type":"type.googleapis.com/google.cloud.functions.v1.CloudFunction","name":"projects/sierra-blu/locations/us-central1/functions/processDataForApp","eventTrigger":{"eventType":"providers/cloud.firestore/eventTypes/document.create","resource":"projects/sierra-blu/databases/(default)/documents/rawScrapeData/{docId}","failurePolicy":{}},"entryPoint":"processDataForApp","updateTime":"1970-01-01T00:00:00Z","labels":{"deployment-tool":"cli-firebase","firebase-functions-hash":"38e7f07d48eb845ee88a164f82999223c79ae416"},"sourceUploadUrl":"https://storage.googleapis.com/uploads-709696472200.us-central1.cloudfunctions.appspot.com/4000559b-59dd-4d3c-a9b5-d3b967c3b061.zip?GoogleAccessId=service-941030513456@gcf-admin-robot.iam.gserviceaccount.com&Expires=1780072216&Signature=jjxwLG10DliTl9Af7gkQ4n3FEyImDGqlE%2FQ5W6vaPifPfxnZGYx2uetYUGaLZclZEWuruSHR2QHz7lC0BnNBYB7K%2BUFeoBTXHW2UJBKzB%2FAwWvLufrfDvh%2BLiW%2FpqzFkA1u5kSn%2FyM6rtC6OGSw63wcdoGL%2FSWzzjFlUdRoDWPF9TeS5J9%2B%2BsOFEPn9SPBkHi4mSjVPNSlbOX0KenEd7QlKpcZueIvkDr3Yz71WVw9q12fpJOJNmSaPZoGvIRx5%2FnlY%2B3mMQdido2wz3iWjRunAhrJ%2B1AwkFJH7tZmzoOMD9OJA33Ja2Tymt7zthIJcVOrLaUcTAEKZcH%2ByCA9WkiA%3D%3D","environmentVariables":{"FIREBASE_CONFIG":"{\"projectId\":\"sierra-blu\",\"storageBucket\":\"sierra-blu.firebasestorage.app\"}","GCLOUD_PROJECT":"sierra-blu","EVENTARC_CLOUD_EVENT_SOURCE":"projects/sierra-blu/locations/REGION_TBD/functions/processDataForApp"},"runtime":"nodejs20","buildEnvironmentVariables":{"GOOGLE_NODE_RUN_SCRIPTS":""},"dockerRegistry":"ARTIFACT_REGISTRY"},"versionId":"1","updateTime":"2026-05-29T16:00:58.767804480Z","buildId":"18e44ed6-0b57-4769-9d22-4390b39ffce6","buildName":"projects/941030513456/locations/us-central1/builds/18e44ed6-0b57-4769-9d22-4390b39ffce6"}}
[debug] [2026-05-29T16:01:36.007Z] [create-default-us-central1-processDataForApp] Retrying task index 0
[debug] [2026-05-29T16:01:36.007Z] Checked if tokens are valid: true, expires at: 1780073972496
[debug] [2026-05-29T16:01:36.007Z] Checked if tokens are valid: true, expires at: 1780073972496
[debug] [2026-05-29T16:01:36.007Z] >>> [apiv2][query] GET https://cloudfunctions.googleapis.com/v1/operations/cHJvamVjdHMvc2llcnJhLWJsdS9sb2NhdGlvbnMvdXMtY2VudHJhbDEvb3BlcmF0aW9ucy9vcGVyYXRpb24tMTc4MDA3MDQ1ODI4OC02NTJmNmYzNTc2YThiLWYwMDQ4NzVhLTk0OTFkYTdl [none]
[debug] [2026-05-29T16:01:36.375Z] <<< [apiv2][status] GET https://cloudfunctions.googleapis.com/v1/operations/cHJvamVjdHMvc2llcnJhLWJsdS9sb2NhdGlvbnMvdXMtY2VudHJhbDEvb3BlcmF0aW9ucy9vcGVyYXRpb24tMTc4MDA3MDQ1ODI4OC02NTJmNmYzNTc2YThiLWYwMDQ4NzVhLTk0OTFkYTdl 200
[debug] [2026-05-29T16:01:36.375Z] <<< [apiv2][body] GET https://cloudfunctions.googleapis.com/v1/operations/cHJvamVjdHMvc2llcnJhLWJsdS9sb2NhdGlvbnMvdXMtY2VudHJhbDEvb3BlcmF0aW9ucy9vcGVyYXRpb24tMTc4MDA3MDQ1ODI4OC02NTJmNmYzNTc2YThiLWYwMDQ4NzVhLTk0OTFkYTdl {"name":"operations/cHJvamVjdHMvc2llcnJhLWJsdS9sb2NhdGlvbnMvdXMtY2VudHJhbDEvb3BlcmF0aW9ucy9vcGVyYXRpb24tMTc4MDA3MDQ1ODI4OC02NTJmNmYzNTc2YThiLWYwMDQ4NzVhLTk0OTFkYTdl","metadata":{"@type":"type.googleapis.com/google.cloud.functions.v1.OperationMetadataV1","target":"projects/sierra-blu/locations/us-central1/functions/processDataForApp","type":"CREATE_FUNCTION","request":{"@type":"type.googleapis.com/google.cloud.functions.v1.CloudFunction","name":"projects/sierra-blu/locations/us-central1/functions/processDataForApp","eventTrigger":{"eventType":"providers/cloud.firestore/eventTypes/document.create","resource":"projects/sierra-blu/databases/(default)/documents/rawScrapeData/{docId}","failurePolicy":{}},"entryPoint":"processDataForApp","updateTime":"1970-01-01T00:00:00Z","labels":{"deployment-tool":"cli-firebase","firebase-functions-hash":"38e7f07d48eb845ee88a164f82999223c79ae416"},"sourceUploadUrl":"https://storage.googleapis.com/uploads-709696472200.us-central1.cloudfunctions.appspot.com/4000559b-59dd-4d3c-a9b5-d3b967c3b061.zip?GoogleAccessId=service-941030513456@gcf-admin-robot.iam.gserviceaccount.com&Expires=1780072216&Signature=jjxwLG10DliTl9Af7gkQ4n3FEyImDGqlE%2FQ5W6vaPifPfxnZGYx2uetYUGaLZclZEWuruSHR2QHz7lC0BnNBYB7K%2BUFeoBTXHW2UJBKzB%2FAwWvLufrfDvh%2BLiW%2FpqzFkA1u5kSn%2FyM6rtC6OGSw63wcdoGL%2FSWzzjFlUdRoDWPF9TeS5J9%2B%2BsOFEPn9SPBkHi4mSjVPNSlbOX0KenEd7QlKpcZueIvkDr3Yz71WVw9q12fpJOJNmSaPZoGvIRx5%2FnlY%2B3mMQdido2wz3iWjRunAhrJ%2B1AwkFJH7tZmzoOMD9OJA33Ja2Tymt7zthIJcVOrLaUcTAEKZcH%2ByCA9WkiA%3D%3D","environmentVariables":{"FIREBASE_CONFIG":"{\"projectId\":\"sierra-blu\",\"storageBucket\":\"sierra-blu.firebasestorage.app\"}","GCLOUD_PROJECT":"sierra-blu","EVENTARC_CLOUD_EVENT_SOURCE":"projects/sierra-blu/locations/REGION_TBD/functions/processDataForApp"},"runtime":"nodejs20","buildEnvironmentVariables":{"GOOGLE_NODE_RUN_SCRIPTS":""},"dockerRegistry":"ARTIFACT_REGISTRY"},"versionId":"1","updateTime":"2026-05-29T16:01:32.644716529Z","buildId":"18e44ed6-0b57-4769-9d22-4390b39ffce6","buildName":"projects/941030513456/locations/us-central1/builds/18e44ed6-0b57-4769-9d22-4390b39ffce6"},"done":true,"error":{"code":3,"message":"Gen1 operation for function projects/sierra-blu/locations/us-central1/functions/processDataForApp failed: Build failed: Access to bucket gcf-sources-941030513456-us-central1 denied. You must grant Storage Object Viewer permission to 941030513456-compute@developer.gserviceaccount.com. If you are using VPC Service Controls, you must also grant it access to your service perimeter.\n."}}
[debug] [2026-05-29T16:01:36.375Z] Got source token undefined for region us-central1
[error] Gen1 operation for function projects/sierra-blu/locations/us-central1/functions/processDataForApp failed: Build failed: Access to bucket gcf-sources-941030513456-us-central1 denied. You must grant Storage Object Viewer permission to 941030513456-compute@developer.gserviceaccount.com. If you are using VPC Service Controls, you must also grant it access to your service perimeter.
.
[warn] !  functions: Deploys failed. Skipping deletes. 
[debug] [2026-05-29T16:01:36.378Z] Total Function Deployment time: 77962
[debug] [2026-05-29T16:01:36.378Z] 2 Functions Deployed
[debug] [2026-05-29T16:01:36.378Z] 2 Functions Errored
[debug] [2026-05-29T16:01:36.378Z] 0 Function Deployments Aborted
[debug] [2026-05-29T16:01:36.378Z] Average Function Deployment time: 58477
[info] 
[info] Functions deploy had errors with the following functions:
	collectData(us-central1)
	processDataForApp(us-central1)
[debug] [2026-05-29T16:01:36.379Z] Not printing URL for HTTPS function. Typically this means it didn't match a filter or we failed deployment
[debug] [2026-05-29T16:01:36.380Z] Checked if tokens are valid: true, expires at: 1780073972496
[debug] [2026-05-29T16:01:36.380Z] Checked if tokens are valid: true, expires at: 1780073972496
[debug] [2026-05-29T16:01:36.380Z] >>> [apiv2][query] GET https://artifactregistry.googleapis.com/v1/projects/sierra-blu/locations/us-central1/repositories/gcf-artifacts [none]
[debug] [2026-05-29T16:01:37.359Z] <<< [apiv2][status] GET https://artifactregistry.googleapis.com/v1/projects/sierra-blu/locations/us-central1/repositories/gcf-artifacts 200
[debug] [2026-05-29T16:01:37.359Z] <<< [apiv2][body] GET https://artifactregistry.googleapis.com/v1/projects/sierra-blu/locations/us-central1/repositories/gcf-artifacts {"name":"projects/sierra-blu/locations/us-central1/repositories/gcf-artifacts","format":"DOCKER","description":"This repository is created and used by Cloud Functions for storing function docker images.","labels":{"goog-managed-by":"cloudfunctions"},"createTime":"2026-04-05T07:55:15.904222Z","updateTime":"2026-04-05T07:59:11.116345Z","mode":"STANDARD_REPOSITORY","cleanupPolicies":{"firebase-functions-cleanup":{"id":"firebase-functions-cleanup","action":"DELETE","condition":{"tagState":"ANY","olderThan":"86400s"}}},"vulnerabilityScanningConfig":{"lastEnableTime":"2026-04-05T07:54:47.096309655Z","enablementState":"SCANNING_DISABLED","enablementStateReason":"API containerscanning.googleapis.com is not enabled."},"satisfiesPzi":true,"registryUri":"us-central1-docker.pkg.dev/sierra-blu/gcf-artifacts"}
[debug] [2026-05-29T16:01:37.359Z] Functions deploy failed.
[debug] [2026-05-29T16:01:37.360Z] {
  "endpoint": {
    "id": "collectData",
    "project": "sierra-blu",
    "region": "us-central1",
    "entryPoint": "collectData",
    "platform": "gcfv1",
    "runtime": "nodejs20",
    "httpsTrigger": {},
    "serviceAccount": null,
    "ingressSettings": null,
    "availableMemoryMb": null,
    "timeoutSeconds": null,
    "maxInstances": null,
    "minInstances": null,
    "vpc": null,
    "environmentVariables": {
      "FIREBASE_CONFIG": "{\"projectId\":\"sierra-blu\",\"storageBucket\":\"sierra-blu.firebasestorage.app\"}",
      "GCLOUD_PROJECT": "sierra-blu",
      "EVENTARC_CLOUD_EVENT_SOURCE": "projects/sierra-blu/locations/REGION_TBD/functions/collectData"
    },
    "codebase": "default",
    "targetedByOnly": false,
    "hash": "38e7f07d48eb845ee88a164f82999223c79ae416",
    "labels": {
      "deployment-tool": "cli-firebase"
    }
  },
  "op": "create",
  "original": {
    "name": "FirebaseError",
    "children": [],
    "exit": 1,
    "message": "Gen1 operation for function projects/sierra-blu/locations/us-central1/functions/collectData failed: Build failed: Access to bucket gcf-sources-941030513456-us-central1 denied. You must grant Storage Object Viewer permission to 941030513456-compute@developer.gserviceaccount.com. If you are using VPC Service Controls, you must also grant it access to your service perimeter.\n.",
    "original": {
      "code": 3,
      "message": "Gen1 operation for function projects/sierra-blu/locations/us-central1/functions/collectData failed: Build failed: Access to bucket gcf-sources-941030513456-us-central1 denied. You must grant Storage Object Viewer permission to 941030513456-compute@developer.gserviceaccount.com. If you are using VPC Service Controls, you must also grant it access to your service perimeter.\n."
    },
    "status": 3,
    "code": 3
  }
}
[debug] [2026-05-29T16:01:37.360Z] {
  "endpoint": {
    "id": "processDataForApp",
    "project": "sierra-blu",
    "region": "us-central1",
    "entryPoint": "processDataForApp",
    "platform": "gcfv1",
    "runtime": "nodejs20",
    "eventTrigger": {
      "eventType": "providers/cloud.firestore/eventTypes/document.create",
      "retry": false,
      "eventFilters": {
        "resource": "projects/sierra-blu/databases/(default)/documents/rawScrapeData/{docId}"
      }
    },
    "labels": {
      "deployment-tool": "cli-firebase"
    },
    "serviceAccount": null,
    "ingressSettings": null,
    "availableMemoryMb": null,
    "timeoutSeconds": null,
    "maxInstances": null,
    "minInstances": null,
    "vpc": null,
    "environmentVariables": {
      "FIREBASE_CONFIG": "{\"projectId\":\"sierra-blu\",\"storageBucket\":\"sierra-blu.firebasestorage.app\"}",
      "GCLOUD_PROJECT": "sierra-blu",
      "EVENTARC_CLOUD_EVENT_SOURCE": "projects/sierra-blu/locations/REGION_TBD/functions/processDataForApp"
    },
    "codebase": "default",
    "targetedByOnly": false,
    "hash": "38e7f07d48eb845ee88a164f82999223c79ae416"
  },
  "op": "create",
  "original": {
    "name": "FirebaseError",
    "children": [],
    "exit": 1,
    "message": "Gen1 operation for function projects/sierra-blu/locations/us-central1/functions/processDataForApp failed: Build failed: Access to bucket gcf-sources-941030513456-us-central1 denied. You must grant Storage Object Viewer permission to 941030513456-compute@developer.gserviceaccount.com. If you are using VPC Service Controls, you must also grant it access to your service perimeter.\n.",
    "original": {
      "code": 3,
      "message": "Gen1 operation for function projects/sierra-blu/locations/us-central1/functions/processDataForApp failed: Build failed: Access to bucket gcf-sources-941030513456-us-central1 denied. You must grant Storage Object Viewer permission to 941030513456-compute@developer.gserviceaccount.com. If you are using VPC Service Controls, you must also grant it access to your service perimeter.\n."
    },
    "status": 3,
    "code": 3
  }
}
[error] Error: There was an error deploying functions:
[error] - Error Failed to create function collectData in region us-central1
[error] - Error Failed to create function processDataForApp in region us-central1
